mode: set
route256/loms/cmd/loms/main.go:9.13,13.19 4 0
route256/loms/cmd/loms/main.go:13.19,15.3 1 0
route256/loms/cmd/loms/main.go:15.8,17.3 1 0
route256/loms/cmd/loms/main.go:18.2,18.16 1 0
route256/loms/cmd/loms/main.go:18.16,20.3 1 0
route256/loms/cmd/loms/main.go:22.2,23.16 2 0
route256/loms/cmd/loms/main.go:23.16,25.3 1 0
route256/loms/cmd/loms/main.go:27.2,27.25 1 0
route256/loms/internal/app/grpccontroller/order_service.go:10.137,12.16 2 0
route256/loms/internal/app/grpccontroller/order_service.go:12.16,14.3 1 0
route256/loms/internal/app/grpccontroller/order_service.go:15.2,15.61 1 0
route256/loms/internal/app/grpccontroller/order_service.go:18.115,20.16 2 0
route256/loms/internal/app/grpccontroller/order_service.go:20.16,22.3 1 0
route256/loms/internal/app/grpccontroller/order_service.go:23.2,23.30 1 0
route256/loms/internal/app/grpccontroller/order_service.go:26.121,28.16 2 0
route256/loms/internal/app/grpccontroller/order_service.go:28.16,30.3 1 0
route256/loms/internal/app/grpccontroller/order_service.go:31.2,31.30 1 0
route256/loms/internal/app/grpccontroller/order_service.go:34.130,36.16 2 0
route256/loms/internal/app/grpccontroller/order_service.go:36.16,38.3 1 0
route256/loms/internal/app/grpccontroller/order_service.go:39.2,39.79 1 0
route256/loms/internal/app/grpccontroller/order_service.go:42.65,46.35 2 0
route256/loms/internal/app/grpccontroller/order_service.go:46.35,51.3 1 0
route256/loms/internal/app/grpccontroller/order_service.go:53.2,55.16 2 0
route256/loms/internal/app/grpccontroller/order_service.go:58.86,62.56 2 0
route256/loms/internal/app/grpccontroller/order_service.go:62.56,67.3 1 0
route256/loms/internal/app/grpccontroller/order_service.go:68.2,68.15 1 0
route256/loms/internal/app/grpccontroller/service.go:31.94,33.2 1 0
route256/loms/internal/app/grpccontroller/service.go:35.38,36.49 1 0
route256/loms/internal/app/grpccontroller/service.go:36.49,38.3 1 0
route256/loms/internal/app/grpccontroller/service.go:39.2,39.80 1 0
route256/loms/internal/app/grpccontroller/service.go:39.80,41.3 1 0
route256/loms/internal/app/grpccontroller/service.go:42.2,42.95 1 0
route256/loms/internal/app/grpccontroller/service.go:42.95,44.3 1 0
route256/loms/internal/app/grpccontroller/service.go:45.2,45.62 1 0
route256/loms/internal/app/grpccontroller/stock_service.go:9.133,11.16 2 0
route256/loms/internal/app/grpccontroller/stock_service.go:11.16,13.3 1 0
route256/loms/internal/app/grpccontroller/stock_service.go:14.2,14.65 1 0
route256/loms/internal/app/initialization/app.go:35.45,37.16 2 0
route256/loms/internal/app/initialization/app.go:37.16,39.3 1 0
route256/loms/internal/app/initialization/app.go:41.2,44.12 3 0
route256/loms/internal/app/initialization/app.go:44.12,45.58 1 0
route256/loms/internal/app/initialization/app.go:45.58,47.4 1 0
route256/loms/internal/app/initialization/app.go:49.2,50.61 2 0
route256/loms/internal/app/initialization/app.go:50.61,52.3 1 0
route256/loms/internal/app/initialization/app.go:55.44,86.16 14 0
route256/loms/internal/app/initialization/app.go:86.16,88.3 1 0
route256/loms/internal/app/initialization/app.go:90.2,92.87 2 0
route256/loms/internal/app/initialization/app.go:92.87,94.3 1 0
route256/loms/internal/app/initialization/app.go:95.2,102.17 3 0
route256/loms/internal/app/initialization/app.go:105.93,107.16 2 0
route256/loms/internal/app/initialization/app.go:107.16,109.3 1 0
route256/loms/internal/app/initialization/app.go:110.2,114.39 5 0
route256/loms/internal/app/initialization/app.go:114.39,116.3 1 0
route256/loms/internal/app/initialization/app.go:117.2,117.16 1 0
route256/loms/internal/app/initialization/app.go:117.16,119.3 1 0
route256/loms/internal/app/initialization/app.go:120.2,120.48 1 0
route256/loms/internal/app/initialization/config.go:21.43,23.2 1 0
route256/loms/internal/app/initialization/config.go:25.52,26.43 1 0
route256/loms/internal/app/initialization/config.go:26.43,28.3 1 0
route256/loms/internal/app/initialization/config.go:30.2,33.20 3 0
route256/loms/internal/app/initialization/config.go:33.20,36.3 2 0
route256/loms/internal/app/initialization/config.go:37.2,40.23 3 0
route256/loms/internal/app/initialization/config.go:40.23,43.17 3 0
route256/loms/internal/app/initialization/config.go:43.17,46.4 2 0
route256/loms/internal/app/initialization/config.go:47.8,49.3 1 0
route256/loms/internal/app/initialization/config.go:51.2,58.8 2 0
route256/loms/internal/app/initialization/config.go:61.38,62.49 1 0
route256/loms/internal/app/initialization/config.go:62.49,64.3 1 0
route256/loms/internal/app/initialization/config.go:65.2,65.12 1 0
route256/loms/internal/service/stockservice/stock_service.go:25.49,27.2 1 0
route256/loms/internal/service/stockservice/stock_service.go:29.75,34.47 3 0
route256/loms/internal/service/stockservice/stock_service.go:34.47,36.17 2 0
route256/loms/internal/service/stockservice/stock_service.go:36.17,39.4 2 0
route256/loms/internal/service/stockservice/stock_service.go:40.3,41.42 2 0
route256/loms/internal/service/stockservice/stock_service.go:41.42,44.4 2 0
route256/loms/internal/service/stockservice/stock_service.go:46.3,47.28 2 0
route256/loms/internal/service/stockservice/stock_service.go:50.2,51.16 2 0
route256/loms/internal/service/stockservice/stock_service.go:51.16,54.3 2 0
route256/loms/internal/service/stockservice/stock_service.go:56.2,56.12 1 0
route256/loms/internal/service/stockservice/stock_service.go:59.81,64.39 3 0
route256/loms/internal/service/stockservice/stock_service.go:64.39,66.17 2 0
route256/loms/internal/service/stockservice/stock_service.go:66.17,69.4 2 0
route256/loms/internal/service/stockservice/stock_service.go:70.3,70.39 1 0
route256/loms/internal/service/stockservice/stock_service.go:70.39,73.4 2 0
route256/loms/internal/service/stockservice/stock_service.go:74.3,74.36 1 0
route256/loms/internal/service/stockservice/stock_service.go:74.36,77.4 2 0
route256/loms/internal/service/stockservice/stock_service.go:79.3,82.28 3 0
route256/loms/internal/service/stockservice/stock_service.go:84.2,85.16 2 0
route256/loms/internal/service/stockservice/stock_service.go:85.16,88.3 2 0
route256/loms/internal/service/stockservice/stock_service.go:90.2,90.12 1 0
route256/loms/internal/service/stockservice/stock_service.go:93.81,98.39 3 0
route256/loms/internal/service/stockservice/stock_service.go:98.39,100.17 2 0
route256/loms/internal/service/stockservice/stock_service.go:100.17,103.4 2 0
route256/loms/internal/service/stockservice/stock_service.go:104.3,104.39 1 0
route256/loms/internal/service/stockservice/stock_service.go:104.39,107.4 2 0
route256/loms/internal/service/stockservice/stock_service.go:109.3,111.28 2 0
route256/loms/internal/service/stockservice/stock_service.go:113.2,114.16 2 0
route256/loms/internal/service/stockservice/stock_service.go:114.16,117.3 2 0
route256/loms/internal/service/stockservice/stock_service.go:118.2,118.12 1 0
route256/loms/internal/service/stockservice/stock_service.go:121.98,123.16 2 0
route256/loms/internal/service/stockservice/stock_service.go:123.16,126.3 2 0
route256/loms/internal/service/stockservice/stock_service.go:127.2,127.44 1 0
route256/loms/internal/service/stockservice/stock_service.go:127.44,130.3 2 0
route256/loms/internal/service/stockservice/stock_service.go:131.2,133.36 2 0
route256/loms/internal/service/stockservice/stock_service.go:136.68,138.29 2 0
route256/loms/internal/service/stockservice/stock_service.go:138.29,140.3 1 0
route256/loms/internal/service/stockservice/stock_service.go:141.2,141.16 1 0
route256/loms/internal/service/orderservice/order_service.go:30.76,32.2 1 0
route256/loms/internal/service/orderservice/order_service.go:34.94,38.16 3 0
route256/loms/internal/service/orderservice/order_service.go:38.16,41.3 2 0
route256/loms/internal/service/orderservice/order_service.go:43.2,44.16 2 0
route256/loms/internal/service/orderservice/order_service.go:44.16,46.74 2 0
route256/loms/internal/service/orderservice/order_service.go:46.74,49.4 2 0
route256/loms/internal/service/orderservice/order_service.go:50.3,51.16 2 0
route256/loms/internal/service/orderservice/order_service.go:54.2,56.16 3 0
route256/loms/internal/service/orderservice/order_service.go:56.16,59.3 2 0
route256/loms/internal/service/orderservice/order_service.go:61.2,61.22 1 0
route256/loms/internal/service/orderservice/order_service.go:64.85,66.16 2 0
route256/loms/internal/service/orderservice/order_service.go:66.16,69.3 2 0
route256/loms/internal/service/orderservice/order_service.go:70.2,70.19 1 0
route256/loms/internal/service/orderservice/order_service.go:73.70,75.16 2 0
route256/loms/internal/service/orderservice/order_service.go:75.16,78.3 2 0
route256/loms/internal/service/orderservice/order_service.go:80.2,80.43 1 0
route256/loms/internal/service/orderservice/order_service.go:80.43,83.3 2 0
route256/loms/internal/service/orderservice/order_service.go:85.2,86.16 2 0
route256/loms/internal/service/orderservice/order_service.go:86.16,89.3 2 0
route256/loms/internal/service/orderservice/order_service.go:91.2,93.16 3 0
route256/loms/internal/service/orderservice/order_service.go:93.16,96.3 2 0
route256/loms/internal/service/orderservice/order_service.go:98.2,98.12 1 0
route256/loms/internal/service/orderservice/order_service.go:101.73,103.16 2 0
route256/loms/internal/service/orderservice/order_service.go:103.16,106.3 2 0
route256/loms/internal/service/orderservice/order_service.go:108.2,108.43 1 0
route256/loms/internal/service/orderservice/order_service.go:108.43,111.3 2 0
route256/loms/internal/service/orderservice/order_service.go:113.2,114.16 2 0
route256/loms/internal/service/orderservice/order_service.go:114.16,117.3 2 0
route256/loms/internal/service/orderservice/order_service.go:119.2,121.16 3 0
route256/loms/internal/service/orderservice/order_service.go:121.16,124.3 2 0
route256/loms/internal/service/orderservice/order_service.go:126.2,126.12 1 0
route256/loms/pkg/api/loms/v1/loms.pb.go:38.25,40.29 2 0
route256/loms/pkg/api/loms/v1/loms.pb.go:40.29,44.3 3 0
route256/loms/pkg/api/loms/v1/loms.pb.go:47.33,49.2 1 0
route256/loms/pkg/api/loms/v1/loms.pb.go:51.31,51.32 0 0
route256/loms/pkg/api/loms/v1/loms.pb.go:53.53,55.41 2 0
route256/loms/pkg/api/loms/v1/loms.pb.go:55.41,57.34 2 0
route256/loms/pkg/api/loms/v1/loms.pb.go:57.34,59.4 1 0
route256/loms/pkg/api/loms/v1/loms.pb.go:60.3,60.12 1 0
route256/loms/pkg/api/loms/v1/loms.pb.go:62.2,62.24 1 0
route256/loms/pkg/api/loms/v1/loms.pb.go:66.44,68.2 1 0
route256/loms/pkg/api/loms/v1/loms.pb.go:70.36,71.14 1 0
route256/loms/pkg/api/loms/v1/loms.pb.go:71.14,73.3 1 0
route256/loms/pkg/api/loms/v1/loms.pb.go:74.2,74.11 1 0
route256/loms/pkg/api/loms/v1/loms.pb.go:77.33,78.14 1 0
route256/loms/pkg/api/loms/v1/loms.pb.go:78.14,80.3 1 0
route256/loms/pkg/api/loms/v1/loms.pb.go:81.2,81.10 1 0
route256/loms/pkg/api/loms/v1/loms.pb.go:84.36,85.14 1 0
route256/loms/pkg/api/loms/v1/loms.pb.go:85.14,87.3 1 0
route256/loms/pkg/api/loms/v1/loms.pb.go:88.2,88.12 1 0
route256/loms/pkg/api/loms/v1/loms.pb.go:101.24,103.29 2 0
route256/loms/pkg/api/loms/v1/loms.pb.go:103.29,107.3 3 0
route256/loms/pkg/api/loms/v1/loms.pb.go:110.32,112.2 1 0
route256/loms/pkg/api/loms/v1/loms.pb.go:114.30,114.31 0 0
route256/loms/pkg/api/loms/v1/loms.pb.go:116.52,118.41 2 0
route256/loms/pkg/api/loms/v1/loms.pb.go:118.41,120.34 2 0
route256/loms/pkg/api/loms/v1/loms.pb.go:120.34,122.4 1 0
route256/loms/pkg/api/loms/v1/loms.pb.go:123.3,123.12 1 0
route256/loms/pkg/api/loms/v1/loms.pb.go:125.2,125.24 1 0
route256/loms/pkg/api/loms/v1/loms.pb.go:129.43,131.2 1 0
route256/loms/pkg/api/loms/v1/loms.pb.go:133.32,134.14 1 0
route256/loms/pkg/api/loms/v1/loms.pb.go:134.14,136.3 1 0
route256/loms/pkg/api/loms/v1/loms.pb.go:137.2,137.10 1 0
route256/loms/pkg/api/loms/v1/loms.pb.go:140.34,141.14 1 0
route256/loms/pkg/api/loms/v1/loms.pb.go:141.14,143.3 1 0
route256/loms/pkg/api/loms/v1/loms.pb.go:144.2,144.10 1 0
route256/loms/pkg/api/loms/v1/loms.pb.go:156.36,158.29 2 0
route256/loms/pkg/api/loms/v1/loms.pb.go:158.29,162.3 3 0
route256/loms/pkg/api/loms/v1/loms.pb.go:165.44,167.2 1 0
route256/loms/pkg/api/loms/v1/loms.pb.go:169.42,169.43 0 0
route256/loms/pkg/api/loms/v1/loms.pb.go:171.64,173.41 2 0
route256/loms/pkg/api/loms/v1/loms.pb.go:173.41,175.34 2 0
route256/loms/pkg/api/loms/v1/loms.pb.go:175.34,177.4 1 0
route256/loms/pkg/api/loms/v1/loms.pb.go:178.3,178.12 1 0
route256/loms/pkg/api/loms/v1/loms.pb.go:180.2,180.24 1 0
route256/loms/pkg/api/loms/v1/loms.pb.go:184.55,186.2 1 0
route256/loms/pkg/api/loms/v1/loms.pb.go:188.47,189.14 1 0
route256/loms/pkg/api/loms/v1/loms.pb.go:189.14,191.3 1 0
route256/loms/pkg/api/loms/v1/loms.pb.go:192.2,192.10 1 0
route256/loms/pkg/api/loms/v1/loms.pb.go:204.37,206.29 2 0
route256/loms/pkg/api/loms/v1/loms.pb.go:206.29,210.3 3 0
route256/loms/pkg/api/loms/v1/loms.pb.go:213.45,215.2 1 0
route256/loms/pkg/api/loms/v1/loms.pb.go:217.43,217.44 0 0
route256/loms/pkg/api/loms/v1/loms.pb.go:219.65,221.41 2 0
route256/loms/pkg/api/loms/v1/loms.pb.go:221.41,223.34 2 0
route256/loms/pkg/api/loms/v1/loms.pb.go:223.34,225.4 1 0
route256/loms/pkg/api/loms/v1/loms.pb.go:226.3,226.12 1 0
route256/loms/pkg/api/loms/v1/loms.pb.go:228.2,228.24 1 0
route256/loms/pkg/api/loms/v1/loms.pb.go:232.56,234.2 1 0
route256/loms/pkg/api/loms/v1/loms.pb.go:236.47,237.14 1 0
route256/loms/pkg/api/loms/v1/loms.pb.go:237.14,239.3 1 0
route256/loms/pkg/api/loms/v1/loms.pb.go:240.2,240.12 1 0
route256/loms/pkg/api/loms/v1/loms.pb.go:252.38,254.29 2 0
route256/loms/pkg/api/loms/v1/loms.pb.go:254.29,258.3 3 0
route256/loms/pkg/api/loms/v1/loms.pb.go:261.46,263.2 1 0
route256/loms/pkg/api/loms/v1/loms.pb.go:265.44,265.45 0 0
route256/loms/pkg/api/loms/v1/loms.pb.go:267.66,269.41 2 0
route256/loms/pkg/api/loms/v1/loms.pb.go:269.41,271.34 2 0
route256/loms/pkg/api/loms/v1/loms.pb.go:271.34,273.4 1 0
route256/loms/pkg/api/loms/v1/loms.pb.go:274.3,274.12 1 0
route256/loms/pkg/api/loms/v1/loms.pb.go:276.2,276.24 1 0
route256/loms/pkg/api/loms/v1/loms.pb.go:280.57,282.2 1 0
route256/loms/pkg/api/loms/v1/loms.pb.go:284.48,285.14 1 0
route256/loms/pkg/api/loms/v1/loms.pb.go:285.14,287.3 1 0
route256/loms/pkg/api/loms/v1/loms.pb.go:288.2,288.12 1 0
route256/loms/pkg/api/loms/v1/loms.pb.go:300.39,302.29 2 0
route256/loms/pkg/api/loms/v1/loms.pb.go:302.29,306.3 3 0
route256/loms/pkg/api/loms/v1/loms.pb.go:309.47,311.2 1 0
route256/loms/pkg/api/loms/v1/loms.pb.go:313.45,313.46 0 0
route256/loms/pkg/api/loms/v1/loms.pb.go:315.67,317.41 2 0
route256/loms/pkg/api/loms/v1/loms.pb.go:317.41,319.34 2 0
route256/loms/pkg/api/loms/v1/loms.pb.go:319.34,321.4 1 0
route256/loms/pkg/api/loms/v1/loms.pb.go:322.3,322.12 1 0
route256/loms/pkg/api/loms/v1/loms.pb.go:324.2,324.24 1 0
route256/loms/pkg/api/loms/v1/loms.pb.go:328.58,330.2 1 0
route256/loms/pkg/api/loms/v1/loms.pb.go:332.50,333.14 1 0
route256/loms/pkg/api/loms/v1/loms.pb.go:333.14,335.3 1 0
route256/loms/pkg/api/loms/v1/loms.pb.go:336.2,336.10 1 0
route256/loms/pkg/api/loms/v1/loms.pb.go:348.35,350.29 2 0
route256/loms/pkg/api/loms/v1/loms.pb.go:350.29,354.3 3 0
route256/loms/pkg/api/loms/v1/loms.pb.go:357.43,359.2 1 0
route256/loms/pkg/api/loms/v1/loms.pb.go:361.41,361.42 0 0
route256/loms/pkg/api/loms/v1/loms.pb.go:363.63,365.41 2 0
route256/loms/pkg/api/loms/v1/loms.pb.go:365.41,367.34 2 0
route256/loms/pkg/api/loms/v1/loms.pb.go:367.34,369.4 1 0
route256/loms/pkg/api/loms/v1/loms.pb.go:370.3,370.12 1 0
route256/loms/pkg/api/loms/v1/loms.pb.go:372.2,372.24 1 0
route256/loms/pkg/api/loms/v1/loms.pb.go:376.54,378.2 1 0
route256/loms/pkg/api/loms/v1/loms.pb.go:380.46,381.14 1 0
route256/loms/pkg/api/loms/v1/loms.pb.go:381.14,383.3 1 0
route256/loms/pkg/api/loms/v1/loms.pb.go:384.2,384.10 1 0
route256/loms/pkg/api/loms/v1/loms.pb.go:396.38,398.29 2 0
route256/loms/pkg/api/loms/v1/loms.pb.go:398.29,402.3 3 0
route256/loms/pkg/api/loms/v1/loms.pb.go:405.46,407.2 1 0
route256/loms/pkg/api/loms/v1/loms.pb.go:409.44,409.45 0 0
route256/loms/pkg/api/loms/v1/loms.pb.go:411.66,413.41 2 0
route256/loms/pkg/api/loms/v1/loms.pb.go:413.41,415.34 2 0
route256/loms/pkg/api/loms/v1/loms.pb.go:415.34,417.4 1 0
route256/loms/pkg/api/loms/v1/loms.pb.go:418.3,418.12 1 0
route256/loms/pkg/api/loms/v1/loms.pb.go:420.2,420.24 1 0
route256/loms/pkg/api/loms/v1/loms.pb.go:424.57,426.2 1 0
route256/loms/pkg/api/loms/v1/loms.pb.go:428.49,429.14 1 0
route256/loms/pkg/api/loms/v1/loms.pb.go:429.14,431.3 1 0
route256/loms/pkg/api/loms/v1/loms.pb.go:432.2,432.10 1 0
route256/loms/pkg/api/loms/v1/loms.pb.go:444.37,446.29 2 0
route256/loms/pkg/api/loms/v1/loms.pb.go:446.29,450.3 3 0
route256/loms/pkg/api/loms/v1/loms.pb.go:453.45,455.2 1 0
route256/loms/pkg/api/loms/v1/loms.pb.go:457.43,457.44 0 0
route256/loms/pkg/api/loms/v1/loms.pb.go:459.65,461.41 2 0
route256/loms/pkg/api/loms/v1/loms.pb.go:461.41,463.34 2 0
route256/loms/pkg/api/loms/v1/loms.pb.go:463.34,465.4 1 0
route256/loms/pkg/api/loms/v1/loms.pb.go:466.3,466.12 1 0
route256/loms/pkg/api/loms/v1/loms.pb.go:468.2,468.24 1 0
route256/loms/pkg/api/loms/v1/loms.pb.go:472.56,474.2 1 0
route256/loms/pkg/api/loms/v1/loms.pb.go:476.45,477.14 1 0
route256/loms/pkg/api/loms/v1/loms.pb.go:477.14,479.3 1 0
route256/loms/pkg/api/loms/v1/loms.pb.go:480.2,480.10 1 0
route256/loms/pkg/api/loms/v1/loms.pb.go:492.38,494.29 2 0
route256/loms/pkg/api/loms/v1/loms.pb.go:494.29,498.3 3 0
route256/loms/pkg/api/loms/v1/loms.pb.go:501.46,503.2 1 0
route256/loms/pkg/api/loms/v1/loms.pb.go:505.44,505.45 0 0
route256/loms/pkg/api/loms/v1/loms.pb.go:507.66,509.41 2 0
route256/loms/pkg/api/loms/v1/loms.pb.go:509.41,511.34 2 0
route256/loms/pkg/api/loms/v1/loms.pb.go:511.34,513.4 1 0
route256/loms/pkg/api/loms/v1/loms.pb.go:514.3,514.12 1 0
route256/loms/pkg/api/loms/v1/loms.pb.go:516.2,516.24 1 0
route256/loms/pkg/api/loms/v1/loms.pb.go:520.57,522.2 1 0
route256/loms/pkg/api/loms/v1/loms.pb.go:524.48,525.14 1 0
route256/loms/pkg/api/loms/v1/loms.pb.go:525.14,527.3 1 0
route256/loms/pkg/api/loms/v1/loms.pb.go:528.2,528.10 1 0
route256/loms/pkg/api/loms/v1/loms.pb.go:624.43,625.40 1 0
route256/loms/pkg/api/loms/v1/loms.pb.go:625.40,627.3 1 0
route256/loms/pkg/api/loms/v1/loms.pb.go:628.2,628.36 1 0
route256/loms/pkg/api/loms/v1/loms.pb.go:666.13,666.39 1 0
route256/loms/pkg/api/loms/v1/loms.pb.go:667.29,668.28 1 0
route256/loms/pkg/api/loms/v1/loms.pb.go:668.28,670.3 1 0
route256/loms/pkg/api/loms/v1/loms.pb.go:671.2,671.30 1 0
route256/loms/pkg/api/loms/v1/loms.pb.go:671.30,672.81 1 0
route256/loms/pkg/api/loms/v1/loms.pb.go:672.81,673.30 1 0
route256/loms/pkg/api/loms/v1/loms.pb.go:674.11,675.20 1 0
route256/loms/pkg/api/loms/v1/loms.pb.go:676.11,677.24 1 0
route256/loms/pkg/api/loms/v1/loms.pb.go:678.11,679.28 1 0
route256/loms/pkg/api/loms/v1/loms.pb.go:680.12,681.15 1 0
route256/loms/pkg/api/loms/v1/loms.pb.go:684.3,684.81 1 0
route256/loms/pkg/api/loms/v1/loms.pb.go:684.81,685.29 1 0
route256/loms/pkg/api/loms/v1/loms.pb.go:686.11,687.20 1 0
route256/loms/pkg/api/loms/v1/loms.pb.go:688.11,689.24 1 0
route256/loms/pkg/api/loms/v1/loms.pb.go:690.11,691.28 1 0
route256/loms/pkg/api/loms/v1/loms.pb.go:692.12,693.15 1 0
route256/loms/pkg/api/loms/v1/loms.pb.go:696.3,696.81 1 0
route256/loms/pkg/api/loms/v1/loms.pb.go:696.81,697.41 1 0
route256/loms/pkg/api/loms/v1/loms.pb.go:698.11,699.20 1 0
route256/loms/pkg/api/loms/v1/loms.pb.go:700.11,701.24 1 0
route256/loms/pkg/api/loms/v1/loms.pb.go:702.11,703.28 1 0
route256/loms/pkg/api/loms/v1/loms.pb.go:704.12,705.15 1 0
route256/loms/pkg/api/loms/v1/loms.pb.go:708.3,708.81 1 0
route256/loms/pkg/api/loms/v1/loms.pb.go:708.81,709.42 1 0
route256/loms/pkg/api/loms/v1/loms.pb.go:710.11,711.20 1 0
route256/loms/pkg/api/loms/v1/loms.pb.go:712.11,713.24 1 0
route256/loms/pkg/api/loms/v1/loms.pb.go:714.11,715.28 1 0
route256/loms/pkg/api/loms/v1/loms.pb.go:716.12,717.15 1 0
route256/loms/pkg/api/loms/v1/loms.pb.go:720.3,720.81 1 0
route256/loms/pkg/api/loms/v1/loms.pb.go:720.81,721.43 1 0
route256/loms/pkg/api/loms/v1/loms.pb.go:722.11,723.20 1 0
route256/loms/pkg/api/loms/v1/loms.pb.go:724.11,725.24 1 0
route256/loms/pkg/api/loms/v1/loms.pb.go:726.11,727.28 1 0
route256/loms/pkg/api/loms/v1/loms.pb.go:728.12,729.15 1 0
route256/loms/pkg/api/loms/v1/loms.pb.go:732.3,732.81 1 0
route256/loms/pkg/api/loms/v1/loms.pb.go:732.81,733.44 1 0
route256/loms/pkg/api/loms/v1/loms.pb.go:734.11,735.20 1 0
route256/loms/pkg/api/loms/v1/loms.pb.go:736.11,737.24 1 0
route256/loms/pkg/api/loms/v1/loms.pb.go:738.11,739.28 1 0
route256/loms/pkg/api/loms/v1/loms.pb.go:740.12,741.15 1 0
route256/loms/pkg/api/loms/v1/loms.pb.go:744.3,744.81 1 0
route256/loms/pkg/api/loms/v1/loms.pb.go:744.81,745.40 1 0
route256/loms/pkg/api/loms/v1/loms.pb.go:746.11,747.20 1 0
route256/loms/pkg/api/loms/v1/loms.pb.go:748.11,749.24 1 0
route256/loms/pkg/api/loms/v1/loms.pb.go:750.11,751.28 1 0
route256/loms/pkg/api/loms/v1/loms.pb.go:752.12,753.15 1 0
route256/loms/pkg/api/loms/v1/loms.pb.go:756.3,756.81 1 0
route256/loms/pkg/api/loms/v1/loms.pb.go:756.81,757.43 1 0
route256/loms/pkg/api/loms/v1/loms.pb.go:758.11,759.20 1 0
route256/loms/pkg/api/loms/v1/loms.pb.go:760.11,761.24 1 0
route256/loms/pkg/api/loms/v1/loms.pb.go:762.11,763.28 1 0
route256/loms/pkg/api/loms/v1/loms.pb.go:764.12,765.15 1 0
route256/loms/pkg/api/loms/v1/loms.pb.go:768.3,768.81 1 0
route256/loms/pkg/api/loms/v1/loms.pb.go:768.81,769.42 1 0
route256/loms/pkg/api/loms/v1/loms.pb.go:770.11,771.20 1 0
route256/loms/pkg/api/loms/v1/loms.pb.go:772.11,773.24 1 0
route256/loms/pkg/api/loms/v1/loms.pb.go:774.11,775.28 1 0
route256/loms/pkg/api/loms/v1/loms.pb.go:776.12,777.15 1 0
route256/loms/pkg/api/loms/v1/loms.pb.go:780.3,780.81 1 0
route256/loms/pkg/api/loms/v1/loms.pb.go:780.81,781.43 1 0
route256/loms/pkg/api/loms/v1/loms.pb.go:782.11,783.20 1 0
route256/loms/pkg/api/loms/v1/loms.pb.go:784.11,785.24 1 0
route256/loms/pkg/api/loms/v1/loms.pb.go:786.11,787.28 1 0
route256/loms/pkg/api/loms/v1/loms.pb.go:788.12,789.15 1 0
route256/loms/pkg/api/loms/v1/loms.pb.go:793.2,810.31 6 0
route256/loms/pkg/api/loms/v1/loms.pb.gw.go:34.198,38.90 3 0
route256/loms/pkg/api/loms/v1/loms.pb.gw.go:38.90,40.3 1 0
route256/loms/pkg/api/loms/v1/loms.pb.gw.go:42.2,43.27 2 0
route256/loms/pkg/api/loms/v1/loms.pb.gw.go:47.204,51.90 3 0
route256/loms/pkg/api/loms/v1/loms.pb.gw.go:51.90,53.3 1 0
route256/loms/pkg/api/loms/v1/loms.pb.gw.go:55.2,56.27 2 0
route256/loms/pkg/api/loms/v1/loms.pb.gw.go:60.195,64.90 3 0
route256/loms/pkg/api/loms/v1/loms.pb.gw.go:64.90,66.3 1 0
route256/loms/pkg/api/loms/v1/loms.pb.gw.go:68.2,76.9 3 0
route256/loms/pkg/api/loms/v1/loms.pb.gw.go:76.9,78.3 1 0
route256/loms/pkg/api/loms/v1/loms.pb.gw.go:80.2,81.16 2 0
route256/loms/pkg/api/loms/v1/loms.pb.gw.go:81.16,83.3 1 0
route256/loms/pkg/api/loms/v1/loms.pb.gw.go:85.2,86.27 2 0
route256/loms/pkg/api/loms/v1/loms.pb.gw.go:90.201,94.90 3 0
route256/loms/pkg/api/loms/v1/loms.pb.gw.go:94.90,96.3 1 0
route256/loms/pkg/api/loms/v1/loms.pb.gw.go:98.2,106.9 3 0
route256/loms/pkg/api/loms/v1/loms.pb.gw.go:106.9,108.3 1 0
route256/loms/pkg/api/loms/v1/loms.pb.gw.go:110.2,111.16 2 0
route256/loms/pkg/api/loms/v1/loms.pb.gw.go:111.16,113.3 1 0
route256/loms/pkg/api/loms/v1/loms.pb.gw.go:115.2,116.27 2 0
route256/loms/pkg/api/loms/v1/loms.pb.gw.go:120.198,124.90 3 0
route256/loms/pkg/api/loms/v1/loms.pb.gw.go:124.90,126.3 1 0
route256/loms/pkg/api/loms/v1/loms.pb.gw.go:128.2,136.9 3 0
route256/loms/pkg/api/loms/v1/loms.pb.gw.go:136.9,138.3 1 0
route256/loms/pkg/api/loms/v1/loms.pb.gw.go:140.2,141.16 2 0
route256/loms/pkg/api/loms/v1/loms.pb.gw.go:141.16,143.3 1 0
route256/loms/pkg/api/loms/v1/loms.pb.gw.go:145.2,146.27 2 0
route256/loms/pkg/api/loms/v1/loms.pb.gw.go:150.204,154.90 3 0
route256/loms/pkg/api/loms/v1/loms.pb.gw.go:154.90,156.3 1 0
route256/loms/pkg/api/loms/v1/loms.pb.gw.go:158.2,166.9 3 0
route256/loms/pkg/api/loms/v1/loms.pb.gw.go:166.9,168.3 1 0
route256/loms/pkg/api/loms/v1/loms.pb.gw.go:170.2,171.16 2 0
route256/loms/pkg/api/loms/v1/loms.pb.gw.go:171.16,173.3 1 0
route256/loms/pkg/api/loms/v1/loms.pb.gw.go:175.2,176.27 2 0
route256/loms/pkg/api/loms/v1/loms.pb.gw.go:180.196,192.9 5 0
route256/loms/pkg/api/loms/v1/loms.pb.gw.go:192.9,194.3 1 0
route256/loms/pkg/api/loms/v1/loms.pb.gw.go:196.2,197.16 2 0
route256/loms/pkg/api/loms/v1/loms.pb.gw.go:197.16,199.3 1 0
route256/loms/pkg/api/loms/v1/loms.pb.gw.go:201.2,202.27 2 0
route256/loms/pkg/api/loms/v1/loms.pb.gw.go:206.202,218.9 5 0
route256/loms/pkg/api/loms/v1/loms.pb.gw.go:218.9,220.3 1 0
route256/loms/pkg/api/loms/v1/loms.pb.gw.go:222.2,223.16 2 0
route256/loms/pkg/api/loms/v1/loms.pb.gw.go:223.16,225.3 1 0
route256/loms/pkg/api/loms/v1/loms.pb.gw.go:227.2,228.27 2 0
route256/loms/pkg/api/loms/v1/loms.pb.gw.go:232.197,244.9 5 0
route256/loms/pkg/api/loms/v1/loms.pb.gw.go:244.9,246.3 1 0
route256/loms/pkg/api/loms/v1/loms.pb.gw.go:248.2,249.16 2 0
route256/loms/pkg/api/loms/v1/loms.pb.gw.go:249.16,251.3 1 0
route256/loms/pkg/api/loms/v1/loms.pb.gw.go:253.2,254.27 2 0
route256/loms/pkg/api/loms/v1/loms.pb.gw.go:258.203,270.9 5 0
route256/loms/pkg/api/loms/v1/loms.pb.gw.go:270.9,272.3 1 0
route256/loms/pkg/api/loms/v1/loms.pb.gw.go:274.2,275.16 2 0
route256/loms/pkg/api/loms/v1/loms.pb.gw.go:275.16,277.3 1 0
route256/loms/pkg/api/loms/v1/loms.pb.gw.go:279.2,280.27 2 0
route256/loms/pkg/api/loms/v1/loms.pb.gw.go:288.101,290.126 1 0
route256/loms/pkg/api/loms/v1/loms.pb.gw.go:290.126,299.17 9 0
route256/loms/pkg/api/loms/v1/loms.pb.gw.go:299.17,302.4 2 0
route256/loms/pkg/api/loms/v1/loms.pb.gw.go:303.3,306.17 4 0
route256/loms/pkg/api/loms/v1/loms.pb.gw.go:306.17,309.4 2 0
route256/loms/pkg/api/loms/v1/loms.pb.gw.go:311.3,311.121 1 0
route256/loms/pkg/api/loms/v1/loms.pb.gw.go:315.2,315.123 1 0
route256/loms/pkg/api/loms/v1/loms.pb.gw.go:315.123,324.17 9 0
route256/loms/pkg/api/loms/v1/loms.pb.gw.go:324.17,327.4 2 0
route256/loms/pkg/api/loms/v1/loms.pb.gw.go:328.3,331.17 4 0
route256/loms/pkg/api/loms/v1/loms.pb.gw.go:331.17,334.4 2 0
route256/loms/pkg/api/loms/v1/loms.pb.gw.go:336.3,336.118 1 0
route256/loms/pkg/api/loms/v1/loms.pb.gw.go:340.2,340.126 1 0
route256/loms/pkg/api/loms/v1/loms.pb.gw.go:340.126,349.17 9 0
route256/loms/pkg/api/loms/v1/loms.pb.gw.go:349.17,352.4 2 0
route256/loms/pkg/api/loms/v1/loms.pb.gw.go:353.3,356.17 4 0
route256/loms/pkg/api/loms/v1/loms.pb.gw.go:356.17,359.4 2 0
route256/loms/pkg/api/loms/v1/loms.pb.gw.go:361.3,361.121 1 0
route256/loms/pkg/api/loms/v1/loms.pb.gw.go:365.2,365.123 1 0
route256/loms/pkg/api/loms/v1/loms.pb.gw.go:365.123,374.17 9 0
route256/loms/pkg/api/loms/v1/loms.pb.gw.go:374.17,377.4 2 0
route256/loms/pkg/api/loms/v1/loms.pb.gw.go:378.3,381.17 4 0
route256/loms/pkg/api/loms/v1/loms.pb.gw.go:381.17,384.4 2 0
route256/loms/pkg/api/loms/v1/loms.pb.gw.go:386.3,386.119 1 0
route256/loms/pkg/api/loms/v1/loms.pb.gw.go:390.2,390.124 1 0
route256/loms/pkg/api/loms/v1/loms.pb.gw.go:390.124,399.17 9 0
route256/loms/pkg/api/loms/v1/loms.pb.gw.go:399.17,402.4 2 0
route256/loms/pkg/api/loms/v1/loms.pb.gw.go:403.3,406.17 4 0
route256/loms/pkg/api/loms/v1/loms.pb.gw.go:406.17,409.4 2 0
route256/loms/pkg/api/loms/v1/loms.pb.gw.go:411.3,411.120 1 0
route256/loms/pkg/api/loms/v1/loms.pb.gw.go:415.2,415.12 1 0
route256/loms/pkg/api/loms/v1/loms.pb.gw.go:420.135,422.16 2 0
route256/loms/pkg/api/loms/v1/loms.pb.gw.go:422.16,424.3 1 0
route256/loms/pkg/api/loms/v1/loms.pb.gw.go:425.2,425.15 1 0
route256/loms/pkg/api/loms/v1/loms.pb.gw.go:425.15,426.17 1 0
route256/loms/pkg/api/loms/v1/loms.pb.gw.go:426.17,427.41 1 0
route256/loms/pkg/api/loms/v1/loms.pb.gw.go:427.41,429.5 1 0
route256/loms/pkg/api/loms/v1/loms.pb.gw.go:430.4,430.10 1 0
route256/loms/pkg/api/loms/v1/loms.pb.gw.go:432.3,432.13 1 0
route256/loms/pkg/api/loms/v1/loms.pb.gw.go:432.13,434.41 2 0
route256/loms/pkg/api/loms/v1/loms.pb.gw.go:434.41,436.5 1 0
route256/loms/pkg/api/loms/v1/loms.pb.gw.go:440.2,440.44 1 0
route256/loms/pkg/api/loms/v1/loms.pb.gw.go:445.99,447.2 1 0
route256/loms/pkg/api/loms/v1/loms.pb.gw.go:454.101,456.126 1 0
route256/loms/pkg/api/loms/v1/loms.pb.gw.go:456.126,463.17 7 0
route256/loms/pkg/api/loms/v1/loms.pb.gw.go:463.17,466.4 2 0
route256/loms/pkg/api/loms/v1/loms.pb.gw.go:467.3,469.17 3 0
route256/loms/pkg/api/loms/v1/loms.pb.gw.go:469.17,472.4 2 0
route256/loms/pkg/api/loms/v1/loms.pb.gw.go:474.3,474.121 1 0
route256/loms/pkg/api/loms/v1/loms.pb.gw.go:478.2,478.123 1 0
route256/loms/pkg/api/loms/v1/loms.pb.gw.go:478.123,485.17 7 0
route256/loms/pkg/api/loms/v1/loms.pb.gw.go:485.17,488.4 2 0
route256/loms/pkg/api/loms/v1/loms.pb.gw.go:489.3,491.17 3 0
route256/loms/pkg/api/loms/v1/loms.pb.gw.go:491.17,494.4 2 0
route256/loms/pkg/api/loms/v1/loms.pb.gw.go:496.3,496.118 1 0
route256/loms/pkg/api/loms/v1/loms.pb.gw.go:500.2,500.126 1 0
route256/loms/pkg/api/loms/v1/loms.pb.gw.go:500.126,507.17 7 0
route256/loms/pkg/api/loms/v1/loms.pb.gw.go:507.17,510.4 2 0
route256/loms/pkg/api/loms/v1/loms.pb.gw.go:511.3,513.17 3 0
route256/loms/pkg/api/loms/v1/loms.pb.gw.go:513.17,516.4 2 0
route256/loms/pkg/api/loms/v1/loms.pb.gw.go:518.3,518.121 1 0
route256/loms/pkg/api/loms/v1/loms.pb.gw.go:522.2,522.123 1 0
route256/loms/pkg/api/loms/v1/loms.pb.gw.go:522.123,529.17 7 0
route256/loms/pkg/api/loms/v1/loms.pb.gw.go:529.17,532.4 2 0
route256/loms/pkg/api/loms/v1/loms.pb.gw.go:533.3,535.17 3 0
route256/loms/pkg/api/loms/v1/loms.pb.gw.go:535.17,538.4 2 0
route256/loms/pkg/api/loms/v1/loms.pb.gw.go:540.3,540.119 1 0
route256/loms/pkg/api/loms/v1/loms.pb.gw.go:544.2,544.124 1 0
route256/loms/pkg/api/loms/v1/loms.pb.gw.go:544.124,551.17 7 0
route256/loms/pkg/api/loms/v1/loms.pb.gw.go:551.17,554.4 2 0
route256/loms/pkg/api/loms/v1/loms.pb.gw.go:555.3,557.17 3 0
route256/loms/pkg/api/loms/v1/loms.pb.gw.go:557.17,560.4 2 0
route256/loms/pkg/api/loms/v1/loms.pb.gw.go:562.3,562.120 1 0
route256/loms/pkg/api/loms/v1/loms.pb.gw.go:566.2,566.12 1 0
route256/loms/pkg/api/loms/v1/loms.pb.validate.go:41.34,43.2 1 0
route256/loms/pkg/api/loms/v1/loms.pb.validate.go:48.37,50.2 1 0
route256/loms/pkg/api/loms/v1/loms.pb.validate.go:52.42,53.14 1 0
route256/loms/pkg/api/loms/v1/loms.pb.validate.go:53.14,55.3 1 0
route256/loms/pkg/api/loms/v1/loms.pb.validate.go:57.2,59.57 2 0
route256/loms/pkg/api/loms/v1/loms.pb.validate.go:59.57,64.11 2 0
route256/loms/pkg/api/loms/v1/loms.pb.validate.go:64.11,66.4 1 0
route256/loms/pkg/api/loms/v1/loms.pb.validate.go:67.3,67.31 1 0
route256/loms/pkg/api/loms/v1/loms.pb.validate.go:70.2,70.22 1 0
route256/loms/pkg/api/loms/v1/loms.pb.validate.go:70.22,75.11 2 0
route256/loms/pkg/api/loms/v1/loms.pb.validate.go:75.11,77.4 1 0
route256/loms/pkg/api/loms/v1/loms.pb.validate.go:78.3,78.31 1 0
route256/loms/pkg/api/loms/v1/loms.pb.validate.go:81.2,81.27 1 0
route256/loms/pkg/api/loms/v1/loms.pb.validate.go:81.27,86.11 2 0
route256/loms/pkg/api/loms/v1/loms.pb.validate.go:86.11,88.4 1 0
route256/loms/pkg/api/loms/v1/loms.pb.validate.go:89.3,89.31 1 0
route256/loms/pkg/api/loms/v1/loms.pb.validate.go:92.2,92.38 1 0
route256/loms/pkg/api/loms/v1/loms.pb.validate.go:92.38,95.10 2 0
route256/loms/pkg/api/loms/v1/loms.pb.validate.go:95.10,96.41 1 0
route256/loms/pkg/api/loms/v1/loms.pb.validate.go:97.42,98.43 1 0
route256/loms/pkg/api/loms/v1/loms.pb.validate.go:98.43,104.6 1 0
route256/loms/pkg/api/loms/v1/loms.pb.validate.go:105.39,106.40 1 0
route256/loms/pkg/api/loms/v1/loms.pb.validate.go:106.40,112.6 1 0
route256/loms/pkg/api/loms/v1/loms.pb.validate.go:114.9,114.76 1 0
route256/loms/pkg/api/loms/v1/loms.pb.validate.go:114.76,115.39 1 0
route256/loms/pkg/api/loms/v1/loms.pb.validate.go:115.39,121.5 1 0
route256/loms/pkg/api/loms/v1/loms.pb.validate.go:126.2,126.21 1 0
route256/loms/pkg/api/loms/v1/loms.pb.validate.go:126.21,128.3 1 0
route256/loms/pkg/api/loms/v1/loms.pb.validate.go:130.2,130.12 1 0
route256/loms/pkg/api/loms/v1/loms.pb.validate.go:138.41,140.24 2 0
route256/loms/pkg/api/loms/v1/loms.pb.validate.go:140.24,142.3 1 0
route256/loms/pkg/api/loms/v1/loms.pb.validate.go:143.2,143.33 1 0
route256/loms/pkg/api/loms/v1/loms.pb.validate.go:147.46,147.58 1 0
route256/loms/pkg/api/loms/v1/loms.pb.validate.go:159.46,159.64 1 0
route256/loms/pkg/api/loms/v1/loms.pb.validate.go:162.47,162.66 1 0
route256/loms/pkg/api/loms/v1/loms.pb.validate.go:165.45,165.63 1 0
route256/loms/pkg/api/loms/v1/loms.pb.validate.go:168.42,168.58 1 0
route256/loms/pkg/api/loms/v1/loms.pb.validate.go:171.50,171.83 1 0
route256/loms/pkg/api/loms/v1/loms.pb.validate.go:174.46,176.20 2 0
route256/loms/pkg/api/loms/v1/loms.pb.validate.go:176.20,178.3 1 0
route256/loms/pkg/api/loms/v1/loms.pb.validate.go:180.2,181.11 2 0
route256/loms/pkg/api/loms/v1/loms.pb.validate.go:181.11,183.3 1 0
route256/loms/pkg/api/loms/v1/loms.pb.validate.go:185.2,190.9 1 0
route256/loms/pkg/api/loms/v1/loms.pb.validate.go:215.33,217.2 1 0
route256/loms/pkg/api/loms/v1/loms.pb.validate.go:222.36,224.2 1 0
route256/loms/pkg/api/loms/v1/loms.pb.validate.go:226.41,227.14 1 0
route256/loms/pkg/api/loms/v1/loms.pb.validate.go:227.14,229.3 1 0
route256/loms/pkg/api/loms/v1/loms.pb.validate.go:231.2,233.21 2 0
route256/loms/pkg/api/loms/v1/loms.pb.validate.go:233.21,238.11 2 0
route256/loms/pkg/api/loms/v1/loms.pb.validate.go:238.11,240.4 1 0
route256/loms/pkg/api/loms/v1/loms.pb.validate.go:241.3,241.31 1 0
route256/loms/pkg/api/loms/v1/loms.pb.validate.go:244.2,244.23 1 0
route256/loms/pkg/api/loms/v1/loms.pb.validate.go:244.23,249.11 2 0
route256/loms/pkg/api/loms/v1/loms.pb.validate.go:249.11,251.4 1 0
route256/loms/pkg/api/loms/v1/loms.pb.validate.go:252.3,252.31 1 0
route256/loms/pkg/api/loms/v1/loms.pb.validate.go:255.2,255.21 1 0
route256/loms/pkg/api/loms/v1/loms.pb.validate.go:255.21,257.3 1 0
route256/loms/pkg/api/loms/v1/loms.pb.validate.go:259.2,259.12 1 0
route256/loms/pkg/api/loms/v1/loms.pb.validate.go:267.40,269.24 2 0
route256/loms/pkg/api/loms/v1/loms.pb.validate.go:269.24,271.3 1 0
route256/loms/pkg/api/loms/v1/loms.pb.validate.go:272.2,272.33 1 0
route256/loms/pkg/api/loms/v1/loms.pb.validate.go:276.45,276.57 1 0
route256/loms/pkg/api/loms/v1/loms.pb.validate.go:288.45,288.63 1 0
route256/loms/pkg/api/loms/v1/loms.pb.validate.go:291.46,291.65 1 0
route256/loms/pkg/api/loms/v1/loms.pb.validate.go:294.44,294.62 1 0
route256/loms/pkg/api/loms/v1/loms.pb.validate.go:297.41,297.57 1 0
route256/loms/pkg/api/loms/v1/loms.pb.validate.go:300.49,300.81 1 0
route256/loms/pkg/api/loms/v1/loms.pb.validate.go:303.45,305.20 2 0
route256/loms/pkg/api/loms/v1/loms.pb.validate.go:305.20,307.3 1 0
route256/loms/pkg/api/loms/v1/loms.pb.validate.go:309.2,310.11 2 0
route256/loms/pkg/api/loms/v1/loms.pb.validate.go:310.11,312.3 1 0
route256/loms/pkg/api/loms/v1/loms.pb.validate.go:314.2,319.9 1 0
route256/loms/pkg/api/loms/v1/loms.pb.validate.go:335.45,337.2 1 0
route256/loms/pkg/api/loms/v1/loms.pb.validate.go:343.48,345.2 1 0
route256/loms/pkg/api/loms/v1/loms.pb.validate.go:347.53,348.14 1 0
route256/loms/pkg/api/loms/v1/loms.pb.validate.go:348.14,350.3 1 0
route256/loms/pkg/api/loms/v1/loms.pb.validate.go:352.2,354.25 2 0
route256/loms/pkg/api/loms/v1/loms.pb.validate.go:354.25,359.11 2 0
route256/loms/pkg/api/loms/v1/loms.pb.validate.go:359.11,361.4 1 0
route256/loms/pkg/api/loms/v1/loms.pb.validate.go:362.3,362.31 1 0
route256/loms/pkg/api/loms/v1/loms.pb.validate.go:365.2,365.21 1 0
route256/loms/pkg/api/loms/v1/loms.pb.validate.go:365.21,367.3 1 0
route256/loms/pkg/api/loms/v1/loms.pb.validate.go:369.2,369.12 1 0
route256/loms/pkg/api/loms/v1/loms.pb.validate.go:378.52,380.24 2 0
route256/loms/pkg/api/loms/v1/loms.pb.validate.go:380.24,382.3 1 0
route256/loms/pkg/api/loms/v1/loms.pb.validate.go:383.2,383.33 1 0
route256/loms/pkg/api/loms/v1/loms.pb.validate.go:387.57,387.69 1 0
route256/loms/pkg/api/loms/v1/loms.pb.validate.go:399.57,399.75 1 0
route256/loms/pkg/api/loms/v1/loms.pb.validate.go:402.58,402.77 1 0
route256/loms/pkg/api/loms/v1/loms.pb.validate.go:405.56,405.74 1 0
route256/loms/pkg/api/loms/v1/loms.pb.validate.go:408.53,408.69 1 0
route256/loms/pkg/api/loms/v1/loms.pb.validate.go:411.61,411.105 1 0
route256/loms/pkg/api/loms/v1/loms.pb.validate.go:414.57,416.20 2 0
route256/loms/pkg/api/loms/v1/loms.pb.validate.go:416.20,418.3 1 0
route256/loms/pkg/api/loms/v1/loms.pb.validate.go:420.2,421.11 2 0
route256/loms/pkg/api/loms/v1/loms.pb.validate.go:421.11,423.3 1 0
route256/loms/pkg/api/loms/v1/loms.pb.validate.go:425.2,430.9 1 0
route256/loms/pkg/api/loms/v1/loms.pb.validate.go:446.46,448.2 1 0
route256/loms/pkg/api/loms/v1/loms.pb.validate.go:454.49,456.2 1 0
route256/loms/pkg/api/loms/v1/loms.pb.validate.go:458.54,459.14 1 0
route256/loms/pkg/api/loms/v1/loms.pb.validate.go:459.14,461.3 1 0
route256/loms/pkg/api/loms/v1/loms.pb.validate.go:463.2,465.9 2 0
route256/loms/pkg/api/loms/v1/loms.pb.validate.go:465.9,466.48 1 0
route256/loms/pkg/api/loms/v1/loms.pb.validate.go:467.41,468.42 1 0
route256/loms/pkg/api/loms/v1/loms.pb.validate.go:468.42,474.5 1 0
route256/loms/pkg/api/loms/v1/loms.pb.validate.go:475.38,476.39 1 0
route256/loms/pkg/api/loms/v1/loms.pb.validate.go:476.39,482.5 1 0
route256/loms/pkg/api/loms/v1/loms.pb.validate.go:484.8,484.83 1 0
route256/loms/pkg/api/loms/v1/loms.pb.validate.go:484.83,485.38 1 0
route256/loms/pkg/api/loms/v1/loms.pb.validate.go:485.38,491.4 1 0
route256/loms/pkg/api/loms/v1/loms.pb.validate.go:494.2,494.21 1 0
route256/loms/pkg/api/loms/v1/loms.pb.validate.go:494.21,496.3 1 0
route256/loms/pkg/api/loms/v1/loms.pb.validate.go:498.2,498.12 1 0
route256/loms/pkg/api/loms/v1/loms.pb.validate.go:507.53,509.24 2 0
route256/loms/pkg/api/loms/v1/loms.pb.validate.go:509.24,511.3 1 0
route256/loms/pkg/api/loms/v1/loms.pb.validate.go:512.2,512.33 1 0
route256/loms/pkg/api/loms/v1/loms.pb.validate.go:516.58,516.70 1 0
route256/loms/pkg/api/loms/v1/loms.pb.validate.go:528.58,528.76 1 0
route256/loms/pkg/api/loms/v1/loms.pb.validate.go:531.59,531.78 1 0
route256/loms/pkg/api/loms/v1/loms.pb.validate.go:534.57,534.75 1 0
route256/loms/pkg/api/loms/v1/loms.pb.validate.go:537.54,537.70 1 0
route256/loms/pkg/api/loms/v1/loms.pb.validate.go:540.62,542.2 1 0
route256/loms/pkg/api/loms/v1/loms.pb.validate.go:545.58,547.20 2 0
route256/loms/pkg/api/loms/v1/loms.pb.validate.go:547.20,549.3 1 0
route256/loms/pkg/api/loms/v1/loms.pb.validate.go:551.2,552.11 2 0
route256/loms/pkg/api/loms/v1/loms.pb.validate.go:552.11,554.3 1 0
route256/loms/pkg/api/loms/v1/loms.pb.validate.go:556.2,561.9 1 0
route256/loms/pkg/api/loms/v1/loms.pb.validate.go:577.47,579.2 1 0
route256/loms/pkg/api/loms/v1/loms.pb.validate.go:585.50,587.2 1 0
route256/loms/pkg/api/loms/v1/loms.pb.validate.go:589.55,590.14 1 0
route256/loms/pkg/api/loms/v1/loms.pb.validate.go:590.14,592.3 1 0
route256/loms/pkg/api/loms/v1/loms.pb.validate.go:594.2,596.9 2 0
route256/loms/pkg/api/loms/v1/loms.pb.validate.go:596.9,597.48 1 0
route256/loms/pkg/api/loms/v1/loms.pb.validate.go:598.41,599.42 1 0
route256/loms/pkg/api/loms/v1/loms.pb.validate.go:599.42,605.5 1 0
route256/loms/pkg/api/loms/v1/loms.pb.validate.go:606.38,607.39 1 0
route256/loms/pkg/api/loms/v1/loms.pb.validate.go:607.39,613.5 1 0
route256/loms/pkg/api/loms/v1/loms.pb.validate.go:615.8,615.83 1 0
route256/loms/pkg/api/loms/v1/loms.pb.validate.go:615.83,616.38 1 0
route256/loms/pkg/api/loms/v1/loms.pb.validate.go:616.38,622.4 1 0
route256/loms/pkg/api/loms/v1/loms.pb.validate.go:625.2,625.21 1 0
route256/loms/pkg/api/loms/v1/loms.pb.validate.go:625.21,627.3 1 0
route256/loms/pkg/api/loms/v1/loms.pb.validate.go:629.2,629.12 1 0
route256/loms/pkg/api/loms/v1/loms.pb.validate.go:638.54,640.24 2 0
route256/loms/pkg/api/loms/v1/loms.pb.validate.go:640.24,642.3 1 0
route256/loms/pkg/api/loms/v1/loms.pb.validate.go:643.2,643.33 1 0
route256/loms/pkg/api/loms/v1/loms.pb.validate.go:647.59,647.71 1 0
route256/loms/pkg/api/loms/v1/loms.pb.validate.go:659.59,659.77 1 0
route256/loms/pkg/api/loms/v1/loms.pb.validate.go:662.60,662.79 1 0
route256/loms/pkg/api/loms/v1/loms.pb.validate.go:665.58,665.76 1 0
route256/loms/pkg/api/loms/v1/loms.pb.validate.go:668.55,668.71 1 0
route256/loms/pkg/api/loms/v1/loms.pb.validate.go:671.63,673.2 1 0
route256/loms/pkg/api/loms/v1/loms.pb.validate.go:676.59,678.20 2 0
route256/loms/pkg/api/loms/v1/loms.pb.validate.go:678.20,680.3 1 0
route256/loms/pkg/api/loms/v1/loms.pb.validate.go:682.2,683.11 2 0
route256/loms/pkg/api/loms/v1/loms.pb.validate.go:683.11,685.3 1 0
route256/loms/pkg/api/loms/v1/loms.pb.validate.go:687.2,692.9 1 0
route256/loms/pkg/api/loms/v1/loms.pb.validate.go:708.48,710.2 1 0
route256/loms/pkg/api/loms/v1/loms.pb.validate.go:716.51,718.2 1 0
route256/loms/pkg/api/loms/v1/loms.pb.validate.go:720.56,721.14 1 0
route256/loms/pkg/api/loms/v1/loms.pb.validate.go:721.14,723.3 1 0
route256/loms/pkg/api/loms/v1/loms.pb.validate.go:725.2,729.21 2 0
route256/loms/pkg/api/loms/v1/loms.pb.validate.go:729.21,731.3 1 0
route256/loms/pkg/api/loms/v1/loms.pb.validate.go:733.2,733.12 1 0
route256/loms/pkg/api/loms/v1/loms.pb.validate.go:742.55,744.24 2 0
route256/loms/pkg/api/loms/v1/loms.pb.validate.go:744.24,746.3 1 0
route256/loms/pkg/api/loms/v1/loms.pb.validate.go:747.2,747.33 1 0
route256/loms/pkg/api/loms/v1/loms.pb.validate.go:751.60,751.72 1 0
route256/loms/pkg/api/loms/v1/loms.pb.validate.go:763.60,763.78 1 0
route256/loms/pkg/api/loms/v1/loms.pb.validate.go:766.61,766.80 1 0
route256/loms/pkg/api/loms/v1/loms.pb.validate.go:769.59,769.77 1 0
route256/loms/pkg/api/loms/v1/loms.pb.validate.go:772.56,772.72 1 0
route256/loms/pkg/api/loms/v1/loms.pb.validate.go:775.64,777.2 1 0
route256/loms/pkg/api/loms/v1/loms.pb.validate.go:780.60,782.20 2 0
route256/loms/pkg/api/loms/v1/loms.pb.validate.go:782.20,784.3 1 0
route256/loms/pkg/api/loms/v1/loms.pb.validate.go:786.2,787.11 2 0
route256/loms/pkg/api/loms/v1/loms.pb.validate.go:787.11,789.3 1 0
route256/loms/pkg/api/loms/v1/loms.pb.validate.go:791.2,796.9 1 0
route256/loms/pkg/api/loms/v1/loms.pb.validate.go:812.44,814.2 1 0
route256/loms/pkg/api/loms/v1/loms.pb.validate.go:820.47,822.2 1 0
route256/loms/pkg/api/loms/v1/loms.pb.validate.go:824.52,825.14 1 0
route256/loms/pkg/api/loms/v1/loms.pb.validate.go:825.14,827.3 1 0
route256/loms/pkg/api/loms/v1/loms.pb.validate.go:829.2,833.21 2 0
route256/loms/pkg/api/loms/v1/loms.pb.validate.go:833.21,835.3 1 0
route256/loms/pkg/api/loms/v1/loms.pb.validate.go:837.2,837.12 1 0
route256/loms/pkg/api/loms/v1/loms.pb.validate.go:846.51,848.24 2 0
route256/loms/pkg/api/loms/v1/loms.pb.validate.go:848.24,850.3 1 0
route256/loms/pkg/api/loms/v1/loms.pb.validate.go:851.2,851.33 1 0
route256/loms/pkg/api/loms/v1/loms.pb.validate.go:855.56,855.68 1 0
route256/loms/pkg/api/loms/v1/loms.pb.validate.go:867.56,867.74 1 0
route256/loms/pkg/api/loms/v1/loms.pb.validate.go:870.57,870.76 1 0
route256/loms/pkg/api/loms/v1/loms.pb.validate.go:873.55,873.73 1 0
route256/loms/pkg/api/loms/v1/loms.pb.validate.go:876.52,876.68 1 0
route256/loms/pkg/api/loms/v1/loms.pb.validate.go:879.60,879.103 1 0
route256/loms/pkg/api/loms/v1/loms.pb.validate.go:882.56,884.20 2 0
route256/loms/pkg/api/loms/v1/loms.pb.validate.go:884.20,886.3 1 0
route256/loms/pkg/api/loms/v1/loms.pb.validate.go:888.2,889.11 2 0
route256/loms/pkg/api/loms/v1/loms.pb.validate.go:889.11,891.3 1 0
route256/loms/pkg/api/loms/v1/loms.pb.validate.go:893.2,898.9 1 0
route256/loms/pkg/api/loms/v1/loms.pb.validate.go:914.47,916.2 1 0
route256/loms/pkg/api/loms/v1/loms.pb.validate.go:922.50,924.2 1 0
route256/loms/pkg/api/loms/v1/loms.pb.validate.go:926.55,927.14 1 0
route256/loms/pkg/api/loms/v1/loms.pb.validate.go:927.14,929.3 1 0
route256/loms/pkg/api/loms/v1/loms.pb.validate.go:931.2,933.25 2 0
route256/loms/pkg/api/loms/v1/loms.pb.validate.go:933.25,938.11 2 0
route256/loms/pkg/api/loms/v1/loms.pb.validate.go:938.11,940.4 1 0
route256/loms/pkg/api/loms/v1/loms.pb.validate.go:941.3,941.31 1 0
route256/loms/pkg/api/loms/v1/loms.pb.validate.go:944.2,944.21 1 0
route256/loms/pkg/api/loms/v1/loms.pb.validate.go:944.21,946.3 1 0
route256/loms/pkg/api/loms/v1/loms.pb.validate.go:948.2,948.12 1 0
route256/loms/pkg/api/loms/v1/loms.pb.validate.go:957.54,959.24 2 0
route256/loms/pkg/api/loms/v1/loms.pb.validate.go:959.24,961.3 1 0
route256/loms/pkg/api/loms/v1/loms.pb.validate.go:962.2,962.33 1 0
route256/loms/pkg/api/loms/v1/loms.pb.validate.go:966.59,966.71 1 0
route256/loms/pkg/api/loms/v1/loms.pb.validate.go:978.59,978.77 1 0
route256/loms/pkg/api/loms/v1/loms.pb.validate.go:981.60,981.79 1 0
route256/loms/pkg/api/loms/v1/loms.pb.validate.go:984.58,984.76 1 0
route256/loms/pkg/api/loms/v1/loms.pb.validate.go:987.55,987.71 1 0
route256/loms/pkg/api/loms/v1/loms.pb.validate.go:990.63,992.2 1 0
route256/loms/pkg/api/loms/v1/loms.pb.validate.go:995.59,997.20 2 0
route256/loms/pkg/api/loms/v1/loms.pb.validate.go:997.20,999.3 1 0
route256/loms/pkg/api/loms/v1/loms.pb.validate.go:1001.2,1002.11 2 0
route256/loms/pkg/api/loms/v1/loms.pb.validate.go:1002.11,1004.3 1 0
route256/loms/pkg/api/loms/v1/loms.pb.validate.go:1006.2,1011.9 1 0
route256/loms/pkg/api/loms/v1/loms.pb.validate.go:1027.46,1029.2 1 0
route256/loms/pkg/api/loms/v1/loms.pb.validate.go:1035.49,1037.2 1 0
route256/loms/pkg/api/loms/v1/loms.pb.validate.go:1039.54,1040.14 1 0
route256/loms/pkg/api/loms/v1/loms.pb.validate.go:1040.14,1042.3 1 0
route256/loms/pkg/api/loms/v1/loms.pb.validate.go:1044.2,1046.21 2 0
route256/loms/pkg/api/loms/v1/loms.pb.validate.go:1046.21,1051.11 2 0
route256/loms/pkg/api/loms/v1/loms.pb.validate.go:1051.11,1053.4 1 0
route256/loms/pkg/api/loms/v1/loms.pb.validate.go:1054.3,1054.31 1 0
route256/loms/pkg/api/loms/v1/loms.pb.validate.go:1057.2,1057.21 1 0
route256/loms/pkg/api/loms/v1/loms.pb.validate.go:1057.21,1059.3 1 0
route256/loms/pkg/api/loms/v1/loms.pb.validate.go:1061.2,1061.12 1 0
route256/loms/pkg/api/loms/v1/loms.pb.validate.go:1070.53,1072.24 2 0
route256/loms/pkg/api/loms/v1/loms.pb.validate.go:1072.24,1074.3 1 0
route256/loms/pkg/api/loms/v1/loms.pb.validate.go:1075.2,1075.33 1 0
route256/loms/pkg/api/loms/v1/loms.pb.validate.go:1079.58,1079.70 1 0
route256/loms/pkg/api/loms/v1/loms.pb.validate.go:1091.58,1091.76 1 0
route256/loms/pkg/api/loms/v1/loms.pb.validate.go:1094.59,1094.78 1 0
route256/loms/pkg/api/loms/v1/loms.pb.validate.go:1097.57,1097.75 1 0
route256/loms/pkg/api/loms/v1/loms.pb.validate.go:1100.54,1100.70 1 0
route256/loms/pkg/api/loms/v1/loms.pb.validate.go:1103.62,1105.2 1 0
route256/loms/pkg/api/loms/v1/loms.pb.validate.go:1108.58,1110.20 2 0
route256/loms/pkg/api/loms/v1/loms.pb.validate.go:1110.20,1112.3 1 0
route256/loms/pkg/api/loms/v1/loms.pb.validate.go:1114.2,1115.11 2 0
route256/loms/pkg/api/loms/v1/loms.pb.validate.go:1115.11,1117.3 1 0
route256/loms/pkg/api/loms/v1/loms.pb.validate.go:1119.2,1124.9 1 0
route256/loms/pkg/api/loms/v1/loms.pb.validate.go:1140.47,1142.2 1 0
route256/loms/pkg/api/loms/v1/loms.pb.validate.go:1148.50,1150.2 1 0
route256/loms/pkg/api/loms/v1/loms.pb.validate.go:1152.55,1153.14 1 0
route256/loms/pkg/api/loms/v1/loms.pb.validate.go:1153.14,1155.3 1 0
route256/loms/pkg/api/loms/v1/loms.pb.validate.go:1157.2,1159.23 2 0
route256/loms/pkg/api/loms/v1/loms.pb.validate.go:1159.23,1164.11 2 0
route256/loms/pkg/api/loms/v1/loms.pb.validate.go:1164.11,1166.4 1 0
route256/loms/pkg/api/loms/v1/loms.pb.validate.go:1167.3,1167.31 1 0
route256/loms/pkg/api/loms/v1/loms.pb.validate.go:1170.2,1170.21 1 0
route256/loms/pkg/api/loms/v1/loms.pb.validate.go:1170.21,1172.3 1 0
route256/loms/pkg/api/loms/v1/loms.pb.validate.go:1174.2,1174.12 1 0
route256/loms/pkg/api/loms/v1/loms.pb.validate.go:1183.54,1185.24 2 0
route256/loms/pkg/api/loms/v1/loms.pb.validate.go:1185.24,1187.3 1 0
route256/loms/pkg/api/loms/v1/loms.pb.validate.go:1188.2,1188.33 1 0
route256/loms/pkg/api/loms/v1/loms.pb.validate.go:1192.59,1192.71 1 0
route256/loms/pkg/api/loms/v1/loms.pb.validate.go:1204.59,1204.77 1 0
route256/loms/pkg/api/loms/v1/loms.pb.validate.go:1207.60,1207.79 1 0
route256/loms/pkg/api/loms/v1/loms.pb.validate.go:1210.58,1210.76 1 0
route256/loms/pkg/api/loms/v1/loms.pb.validate.go:1213.55,1213.71 1 0
route256/loms/pkg/api/loms/v1/loms.pb.validate.go:1216.63,1218.2 1 0
route256/loms/pkg/api/loms/v1/loms.pb.validate.go:1221.59,1223.20 2 0
route256/loms/pkg/api/loms/v1/loms.pb.validate.go:1223.20,1225.3 1 0
route256/loms/pkg/api/loms/v1/loms.pb.validate.go:1227.2,1228.11 2 0
route256/loms/pkg/api/loms/v1/loms.pb.validate.go:1228.11,1230.3 1 0
route256/loms/pkg/api/loms/v1/loms.pb.validate.go:1232.2,1237.9 1 0
route256/loms/pkg/api/loms/v1/loms_grpc.pb.go:42.60,44.2 1 0
route256/loms/pkg/api/loms/v1/loms_grpc.pb.go:46.134,49.16 3 0
route256/loms/pkg/api/loms/v1/loms_grpc.pb.go:49.16,51.3 1 0
route256/loms/pkg/api/loms/v1/loms_grpc.pb.go:52.2,52.17 1 0
route256/loms/pkg/api/loms/v1/loms_grpc.pb.go:55.122,58.16 3 0
route256/loms/pkg/api/loms/v1/loms_grpc.pb.go:58.16,60.3 1 0
route256/loms/pkg/api/loms/v1/loms_grpc.pb.go:61.2,61.17 1 0
route256/loms/pkg/api/loms/v1/loms_grpc.pb.go:64.128,67.16 3 0
route256/loms/pkg/api/loms/v1/loms_grpc.pb.go:67.16,69.3 1 0
route256/loms/pkg/api/loms/v1/loms_grpc.pb.go:70.2,70.17 1 0
route256/loms/pkg/api/loms/v1/loms_grpc.pb.go:73.128,76.16 3 0
route256/loms/pkg/api/loms/v1/loms_grpc.pb.go:76.16,78.3 1 0
route256/loms/pkg/api/loms/v1/loms_grpc.pb.go:79.2,79.17 1 0
route256/loms/pkg/api/loms/v1/loms_grpc.pb.go:82.131,85.16 3 0
route256/loms/pkg/api/loms/v1/loms_grpc.pb.go:85.16,87.3 1 0
route256/loms/pkg/api/loms/v1/loms_grpc.pb.go:88.2,88.17 1 0
route256/loms/pkg/api/loms/v1/loms_grpc.pb.go:112.112,114.2 1 0
route256/loms/pkg/api/loms/v1/loms_grpc.pb.go:115.100,117.2 1 0
route256/loms/pkg/api/loms/v1/loms_grpc.pb.go:118.106,120.2 1 0
route256/loms/pkg/api/loms/v1/loms_grpc.pb.go:121.106,123.2 1 0
route256/loms/pkg/api/loms/v1/loms_grpc.pb.go:124.109,126.2 1 0
route256/loms/pkg/api/loms/v1/loms_grpc.pb.go:127.68,127.69 0 0
route256/loms/pkg/api/loms/v1/loms_grpc.pb.go:136.66,138.2 1 0
route256/loms/pkg/api/loms/v1/loms_grpc.pb.go:140.161,142.32 2 0
route256/loms/pkg/api/loms/v1/loms_grpc.pb.go:142.32,144.3 1 0
route256/loms/pkg/api/loms/v1/loms_grpc.pb.go:145.2,145.24 1 0
route256/loms/pkg/api/loms/v1/loms_grpc.pb.go:145.24,147.3 1 0
route256/loms/pkg/api/loms/v1/loms_grpc.pb.go:148.2,152.77 2 0
route256/loms/pkg/api/loms/v1/loms_grpc.pb.go:152.77,154.3 1 0
route256/loms/pkg/api/loms/v1/loms_grpc.pb.go:155.2,155.44 1 0
route256/loms/pkg/api/loms/v1/loms_grpc.pb.go:158.158,160.32 2 0
route256/loms/pkg/api/loms/v1/loms_grpc.pb.go:160.32,162.3 1 0
route256/loms/pkg/api/loms/v1/loms_grpc.pb.go:163.2,163.24 1 0
route256/loms/pkg/api/loms/v1/loms_grpc.pb.go:163.24,165.3 1 0
route256/loms/pkg/api/loms/v1/loms_grpc.pb.go:166.2,170.77 2 0
route256/loms/pkg/api/loms/v1/loms_grpc.pb.go:170.77,172.3 1 0
route256/loms/pkg/api/loms/v1/loms_grpc.pb.go:173.2,173.44 1 0
route256/loms/pkg/api/loms/v1/loms_grpc.pb.go:176.161,178.32 2 0
route256/loms/pkg/api/loms/v1/loms_grpc.pb.go:178.32,180.3 1 0
route256/loms/pkg/api/loms/v1/loms_grpc.pb.go:181.2,181.24 1 0
route256/loms/pkg/api/loms/v1/loms_grpc.pb.go:181.24,183.3 1 0
route256/loms/pkg/api/loms/v1/loms_grpc.pb.go:184.2,188.77 2 0
route256/loms/pkg/api/loms/v1/loms_grpc.pb.go:188.77,190.3 1 0
route256/loms/pkg/api/loms/v1/loms_grpc.pb.go:191.2,191.44 1 0
route256/loms/pkg/api/loms/v1/loms_grpc.pb.go:194.159,196.32 2 0
route256/loms/pkg/api/loms/v1/loms_grpc.pb.go:196.32,198.3 1 0
route256/loms/pkg/api/loms/v1/loms_grpc.pb.go:199.2,199.24 1 0
route256/loms/pkg/api/loms/v1/loms_grpc.pb.go:199.24,201.3 1 0
route256/loms/pkg/api/loms/v1/loms_grpc.pb.go:202.2,206.77 2 0
route256/loms/pkg/api/loms/v1/loms_grpc.pb.go:206.77,208.3 1 0
route256/loms/pkg/api/loms/v1/loms_grpc.pb.go:209.2,209.44 1 0
route256/loms/pkg/api/loms/v1/loms_grpc.pb.go:212.160,214.32 2 0
route256/loms/pkg/api/loms/v1/loms_grpc.pb.go:214.32,216.3 1 0
route256/loms/pkg/api/loms/v1/loms_grpc.pb.go:217.2,217.24 1 0
route256/loms/pkg/api/loms/v1/loms_grpc.pb.go:217.24,219.3 1 0
route256/loms/pkg/api/loms/v1/loms_grpc.pb.go:220.2,224.77 2 0
route256/loms/pkg/api/loms/v1/loms_grpc.pb.go:224.77,226.3 1 0
route256/loms/pkg/api/loms/v1/loms_grpc.pb.go:227.2,227.44 1 0
route256/loms/internal/mw/grpc/cors.go:9.63,10.53 1 0
route256/loms/internal/mw/grpc/cors.go:10.53,15.28 4 0
route256/loms/internal/mw/grpc/cors.go:15.28,18.4 2 0
route256/loms/internal/mw/grpc/cors.go:20.3,20.23 1 0
route256/loms/internal/mw/grpc/cors.go:23.2,23.29 1 0
route256/loms/internal/mw/grpc/logger.go:11.152,15.47 3 0
route256/loms/internal/mw/grpc/logger.go:15.47,18.3 2 0
route256/loms/internal/mw/grpc/logger.go:20.2,23.8 3 0
route256/loms/internal/mw/grpc/panic.go:11.150,12.15 1 0
route256/loms/internal/mw/grpc/panic.go:12.15,13.31 1 0
route256/loms/internal/mw/grpc/panic.go:13.31,16.4 2 0
route256/loms/internal/mw/grpc/panic.go:18.2,19.18 2 0
route256/loms/internal/mw/grpc/validate.go:10.144,11.54 1 0
route256/loms/internal/mw/grpc/validate.go:11.54,12.38 1 0
route256/loms/internal/mw/grpc/validate.go:12.38,14.4 1 0
route256/loms/internal/mw/grpc/validate.go:16.2,16.26 1 0
route256/loms/internal/repository/orderrepository/order_repository.go:17.34,19.2 1 0
route256/loms/internal/repository/orderrepository/order_repository.go:21.93,28.2 5 0
route256/loms/internal/repository/orderrepository/order_repository.go:30.79,36.2 4 0
route256/loms/internal/repository/orderrepository/order_repository.go:38.86,43.8 4 0
route256/loms/internal/repository/orderrepository/order_repository.go:43.8,45.3 1 0
route256/loms/internal/repository/orderrepository/order_repository.go:46.2,46.77 1 0
route256/loms/internal/mw/http/logger.go:8.64,9.53 1 0
route256/loms/internal/mw/http/logger.go:9.53,12.3 2 0
route256/loms/internal/mw/http/logger.go:14.2,14.29 1 0
route256/loms/internal/repository/stockrepository/stocks_repository.go:17.70,21.2 1 0
route256/loms/internal/repository/stockrepository/stocks_repository.go:23.91,28.12 4 0
route256/loms/internal/repository/stockrepository/stocks_repository.go:28.12,30.3 1 0
route256/loms/internal/repository/stockrepository/stocks_repository.go:31.2,31.20 1 0
route256/loms/internal/repository/stockrepository/stocks_repository.go:34.98,38.39 3 0
route256/loms/internal/repository/stockrepository/stocks_repository.go:38.39,40.13 2 0
route256/loms/internal/repository/stockrepository/stocks_repository.go:40.13,42.4 1 0
route256/loms/internal/repository/stockrepository/stocks_repository.go:43.3,45.24 3 0
route256/loms/internal/repository/stockrepository/stocks_repository.go:48.2,48.12 1 0
route256/loms/internal/repository/orderrepository/order_repository.go:17.34,19.2 1 0
route256/loms/internal/repository/orderrepository/order_repository.go:21.93,28.2 5 0
route256/loms/internal/repository/orderrepository/order_repository.go:30.79,36.2 4 0
route256/loms/internal/repository/orderrepository/order_repository.go:38.86,43.8 4 0
route256/loms/internal/repository/orderrepository/order_repository.go:43.8,45.3 1 0
route256/loms/internal/repository/orderrepository/order_repository.go:46.2,46.77 1 0
route256/loms/internal/service/orderservice/order_service.go:30.76,32.2 1 1
route256/loms/internal/service/orderservice/order_service.go:34.94,38.16 3 1
route256/loms/internal/service/orderservice/order_service.go:38.16,41.3 2 1
route256/loms/internal/service/orderservice/order_service.go:43.2,44.16 2 1
route256/loms/internal/service/orderservice/order_service.go:44.16,46.74 2 1
route256/loms/internal/service/orderservice/order_service.go:46.74,49.4 2 0
route256/loms/internal/service/orderservice/order_service.go:50.3,51.16 2 1
route256/loms/internal/service/orderservice/order_service.go:54.2,56.16 3 1
route256/loms/internal/service/orderservice/order_service.go:56.16,59.3 2 1
route256/loms/internal/service/orderservice/order_service.go:61.2,61.22 1 1
route256/loms/internal/service/orderservice/order_service.go:64.85,66.16 2 1
route256/loms/internal/service/orderservice/order_service.go:66.16,69.3 2 1
route256/loms/internal/service/orderservice/order_service.go:70.2,70.19 1 1
route256/loms/internal/service/orderservice/order_service.go:73.70,75.16 2 1
route256/loms/internal/service/orderservice/order_service.go:75.16,78.3 2 1
route256/loms/internal/service/orderservice/order_service.go:80.2,80.43 1 1
route256/loms/internal/service/orderservice/order_service.go:80.43,83.3 2 0
route256/loms/internal/service/orderservice/order_service.go:85.2,86.16 2 1
route256/loms/internal/service/orderservice/order_service.go:86.16,89.3 2 1
route256/loms/internal/service/orderservice/order_service.go:91.2,93.16 3 1
route256/loms/internal/service/orderservice/order_service.go:93.16,96.3 2 1
route256/loms/internal/service/orderservice/order_service.go:98.2,98.12 1 1
route256/loms/internal/service/orderservice/order_service.go:101.73,103.16 2 1
route256/loms/internal/service/orderservice/order_service.go:103.16,106.3 2 1
route256/loms/internal/service/orderservice/order_service.go:108.2,108.43 1 1
route256/loms/internal/service/orderservice/order_service.go:108.43,111.3 2 0
route256/loms/internal/service/orderservice/order_service.go:113.2,114.16 2 1
route256/loms/internal/service/orderservice/order_service.go:114.16,117.3 2 1
route256/loms/internal/service/orderservice/order_service.go:119.2,121.16 3 1
route256/loms/internal/service/orderservice/order_service.go:121.16,124.3 2 1
route256/loms/internal/service/orderservice/order_service.go:126.2,126.12 1 1
route256/loms/internal/repository/orderrepository/order_repository.go:17.34,19.2 1 0
route256/loms/internal/repository/orderrepository/order_repository.go:21.93,28.2 5 0
route256/loms/internal/repository/orderrepository/order_repository.go:30.79,36.2 4 0
route256/loms/internal/repository/orderrepository/order_repository.go:38.86,43.8 4 0
route256/loms/internal/repository/orderrepository/order_repository.go:43.8,45.3 1 0
route256/loms/internal/repository/orderrepository/order_repository.go:46.2,46.77 1 0
route256/loms/internal/repository/stockrepository/stocks_repository.go:17.70,21.2 1 0
route256/loms/internal/repository/stockrepository/stocks_repository.go:23.91,28.12 4 0
route256/loms/internal/repository/stockrepository/stocks_repository.go:28.12,30.3 1 0
route256/loms/internal/repository/stockrepository/stocks_repository.go:31.2,31.20 1 0
route256/loms/internal/repository/stockrepository/stocks_repository.go:34.98,38.39 3 0
route256/loms/internal/repository/stockrepository/stocks_repository.go:38.39,40.13 2 0
route256/loms/internal/repository/stockrepository/stocks_repository.go:40.13,42.4 1 0
route256/loms/internal/repository/stockrepository/stocks_repository.go:43.3,45.24 3 0
route256/loms/internal/repository/stockrepository/stocks_repository.go:48.2,48.12 1 0
route256/loms/internal/service/orderservice/order_service.go:30.76,32.2 1 0
route256/loms/internal/service/orderservice/order_service.go:34.94,38.16 3 0
route256/loms/internal/service/orderservice/order_service.go:38.16,41.3 2 0
route256/loms/internal/service/orderservice/order_service.go:43.2,44.16 2 0
route256/loms/internal/service/orderservice/order_service.go:44.16,46.74 2 0
route256/loms/internal/service/orderservice/order_service.go:46.74,49.4 2 0
route256/loms/internal/service/orderservice/order_service.go:50.3,51.16 2 0
route256/loms/internal/service/orderservice/order_service.go:54.2,56.16 3 0
route256/loms/internal/service/orderservice/order_service.go:56.16,59.3 2 0
route256/loms/internal/service/orderservice/order_service.go:61.2,61.22 1 0
route256/loms/internal/service/orderservice/order_service.go:64.85,66.16 2 0
route256/loms/internal/service/orderservice/order_service.go:66.16,69.3 2 0
route256/loms/internal/service/orderservice/order_service.go:70.2,70.19 1 0
route256/loms/internal/service/orderservice/order_service.go:73.70,75.16 2 0
route256/loms/internal/service/orderservice/order_service.go:75.16,78.3 2 0
route256/loms/internal/service/orderservice/order_service.go:80.2,80.43 1 0
route256/loms/internal/service/orderservice/order_service.go:80.43,83.3 2 0
route256/loms/internal/service/orderservice/order_service.go:85.2,86.16 2 0
route256/loms/internal/service/orderservice/order_service.go:86.16,89.3 2 0
route256/loms/internal/service/orderservice/order_service.go:91.2,93.16 3 0
route256/loms/internal/service/orderservice/order_service.go:93.16,96.3 2 0
route256/loms/internal/service/orderservice/order_service.go:98.2,98.12 1 0
route256/loms/internal/service/orderservice/order_service.go:101.73,103.16 2 0
route256/loms/internal/service/orderservice/order_service.go:103.16,106.3 2 0
route256/loms/internal/service/orderservice/order_service.go:108.2,108.43 1 0
route256/loms/internal/service/orderservice/order_service.go:108.43,111.3 2 0
route256/loms/internal/service/orderservice/order_service.go:113.2,114.16 2 0
route256/loms/internal/service/orderservice/order_service.go:114.16,117.3 2 0
route256/loms/internal/service/orderservice/order_service.go:119.2,121.16 3 0
route256/loms/internal/service/orderservice/order_service.go:121.16,124.3 2 0
route256/loms/internal/service/orderservice/order_service.go:126.2,126.12 1 0
route256/loms/internal/service/stockservice/stock_service.go:25.49,27.2 1 1
route256/loms/internal/service/stockservice/stock_service.go:29.75,34.47 3 1
route256/loms/internal/service/stockservice/stock_service.go:34.47,36.17 2 1
route256/loms/internal/service/stockservice/stock_service.go:36.17,39.4 2 1
route256/loms/internal/service/stockservice/stock_service.go:40.3,41.42 2 1
route256/loms/internal/service/stockservice/stock_service.go:41.42,44.4 2 1
route256/loms/internal/service/stockservice/stock_service.go:46.3,47.28 2 1
route256/loms/internal/service/stockservice/stock_service.go:50.2,51.16 2 1
route256/loms/internal/service/stockservice/stock_service.go:51.16,54.3 2 1
route256/loms/internal/service/stockservice/stock_service.go:56.2,56.12 1 1
route256/loms/internal/service/stockservice/stock_service.go:59.81,64.39 3 1
route256/loms/internal/service/stockservice/stock_service.go:64.39,66.17 2 1
route256/loms/internal/service/stockservice/stock_service.go:66.17,69.4 2 1
route256/loms/internal/service/stockservice/stock_service.go:70.3,70.39 1 1
route256/loms/internal/service/stockservice/stock_service.go:70.39,73.4 2 1
route256/loms/internal/service/stockservice/stock_service.go:74.3,74.36 1 1
route256/loms/internal/service/stockservice/stock_service.go:74.36,77.4 2 0
route256/loms/internal/service/stockservice/stock_service.go:79.3,82.28 3 1
route256/loms/internal/service/stockservice/stock_service.go:84.2,85.16 2 1
route256/loms/internal/service/stockservice/stock_service.go:85.16,88.3 2 1
route256/loms/internal/service/stockservice/stock_service.go:90.2,90.12 1 1
route256/loms/internal/service/stockservice/stock_service.go:93.81,98.39 3 1
route256/loms/internal/service/stockservice/stock_service.go:98.39,100.17 2 1
route256/loms/internal/service/stockservice/stock_service.go:100.17,103.4 2 1
route256/loms/internal/service/stockservice/stock_service.go:104.3,104.39 1 1
route256/loms/internal/service/stockservice/stock_service.go:104.39,107.4 2 1
route256/loms/internal/service/stockservice/stock_service.go:109.3,111.28 2 1
route256/loms/internal/service/stockservice/stock_service.go:113.2,114.16 2 1
route256/loms/internal/service/stockservice/stock_service.go:114.16,117.3 2 1
route256/loms/internal/service/stockservice/stock_service.go:118.2,118.12 1 1
route256/loms/internal/service/stockservice/stock_service.go:121.98,123.16 2 1
route256/loms/internal/service/stockservice/stock_service.go:123.16,126.3 2 1
route256/loms/internal/service/stockservice/stock_service.go:127.2,127.44 1 1
route256/loms/internal/service/stockservice/stock_service.go:127.44,130.3 2 1
route256/loms/internal/service/stockservice/stock_service.go:131.2,133.36 2 1
route256/loms/internal/service/stockservice/stock_service.go:136.68,138.29 2 1
route256/loms/internal/service/stockservice/stock_service.go:138.29,140.3 1 1
route256/loms/internal/service/stockservice/stock_service.go:141.2,141.16 1 1
route256/loms/vendor-proto/validate/validate.pb.go:51.40,55.2 3 0
route256/loms/vendor-proto/validate/validate.pb.go:57.37,59.2 1 0
route256/loms/vendor-proto/validate/validate.pb.go:61.60,63.2 1 0
route256/loms/vendor-proto/validate/validate.pb.go:65.48,67.2 1 0
route256/loms/vendor-proto/validate/validate.pb.go:69.54,71.2 1 0
route256/loms/vendor-proto/validate/validate.pb.go:74.52,76.16 2 0
route256/loms/vendor-proto/validate/validate.pb.go:76.16,78.3 1 0
route256/loms/vendor-proto/validate/validate.pb.go:79.2,80.12 2 0
route256/loms/vendor-proto/validate/validate.pb.go:84.52,86.2 1 0
route256/loms/vendor-proto/validate/validate.pb.go:122.30,124.29 2 0
route256/loms/vendor-proto/validate/validate.pb.go:124.29,128.3 3 0
route256/loms/vendor-proto/validate/validate.pb.go:131.38,133.2 1 0
route256/loms/vendor-proto/validate/validate.pb.go:135.36,135.37 0 0
route256/loms/vendor-proto/validate/validate.pb.go:137.58,139.41 2 0
route256/loms/vendor-proto/validate/validate.pb.go:139.41,141.34 2 0
route256/loms/vendor-proto/validate/validate.pb.go:141.34,143.4 1 0
route256/loms/vendor-proto/validate/validate.pb.go:144.3,144.12 1 0
route256/loms/vendor-proto/validate/validate.pb.go:146.2,146.24 1 0
route256/loms/vendor-proto/validate/validate.pb.go:150.49,152.2 1 0
route256/loms/vendor-proto/validate/validate.pb.go:154.49,155.14 1 0
route256/loms/vendor-proto/validate/validate.pb.go:155.14,157.3 1 0
route256/loms/vendor-proto/validate/validate.pb.go:158.2,158.12 1 0
route256/loms/vendor-proto/validate/validate.pb.go:161.50,162.14 1 0
route256/loms/vendor-proto/validate/validate.pb.go:162.14,164.3 1 0
route256/loms/vendor-proto/validate/validate.pb.go:165.2,165.12 1 0
route256/loms/vendor-proto/validate/validate.pb.go:168.45,169.50 1 0
route256/loms/vendor-proto/validate/validate.pb.go:169.50,171.3 1 0
route256/loms/vendor-proto/validate/validate.pb.go:172.2,172.12 1 0
route256/loms/vendor-proto/validate/validate.pb.go:175.47,176.51 1 0
route256/loms/vendor-proto/validate/validate.pb.go:176.51,178.3 1 0
route256/loms/vendor-proto/validate/validate.pb.go:179.2,179.12 1 0
route256/loms/vendor-proto/validate/validate.pb.go:182.45,183.50 1 0
route256/loms/vendor-proto/validate/validate.pb.go:183.50,185.3 1 0
route256/loms/vendor-proto/validate/validate.pb.go:186.2,186.12 1 0
route256/loms/vendor-proto/validate/validate.pb.go:189.45,190.50 1 0
route256/loms/vendor-proto/validate/validate.pb.go:190.50,192.3 1 0
route256/loms/vendor-proto/validate/validate.pb.go:193.2,193.12 1 0
route256/loms/vendor-proto/validate/validate.pb.go:196.47,197.51 1 0
route256/loms/vendor-proto/validate/validate.pb.go:197.51,199.3 1 0
route256/loms/vendor-proto/validate/validate.pb.go:200.2,200.12 1 0
route256/loms/vendor-proto/validate/validate.pb.go:203.47,204.51 1 0
route256/loms/vendor-proto/validate/validate.pb.go:204.51,206.3 1 0
route256/loms/vendor-proto/validate/validate.pb.go:207.2,207.12 1 0
route256/loms/vendor-proto/validate/validate.pb.go:210.47,211.51 1 0
route256/loms/vendor-proto/validate/validate.pb.go:211.51,213.3 1 0
route256/loms/vendor-proto/validate/validate.pb.go:214.2,214.12 1 0
route256/loms/vendor-proto/validate/validate.pb.go:217.47,218.51 1 0
route256/loms/vendor-proto/validate/validate.pb.go:218.51,220.3 1 0
route256/loms/vendor-proto/validate/validate.pb.go:221.2,221.12 1 0
route256/loms/vendor-proto/validate/validate.pb.go:224.49,225.52 1 0
route256/loms/vendor-proto/validate/validate.pb.go:225.52,227.3 1 0
route256/loms/vendor-proto/validate/validate.pb.go:228.2,228.12 1 0
route256/loms/vendor-proto/validate/validate.pb.go:231.49,232.52 1 0
route256/loms/vendor-proto/validate/validate.pb.go:232.52,234.3 1 0
route256/loms/vendor-proto/validate/validate.pb.go:235.2,235.12 1 0
route256/loms/vendor-proto/validate/validate.pb.go:238.51,239.53 1 0
route256/loms/vendor-proto/validate/validate.pb.go:239.53,241.3 1 0
route256/loms/vendor-proto/validate/validate.pb.go:242.2,242.12 1 0
route256/loms/vendor-proto/validate/validate.pb.go:245.51,246.53 1 0
route256/loms/vendor-proto/validate/validate.pb.go:246.53,248.3 1 0
route256/loms/vendor-proto/validate/validate.pb.go:249.2,249.12 1 0
route256/loms/vendor-proto/validate/validate.pb.go:252.43,253.49 1 0
route256/loms/vendor-proto/validate/validate.pb.go:253.49,255.3 1 0
route256/loms/vendor-proto/validate/validate.pb.go:256.2,256.12 1 0
route256/loms/vendor-proto/validate/validate.pb.go:259.48,260.52 1 0
route256/loms/vendor-proto/validate/validate.pb.go:260.52,262.3 1 0
route256/loms/vendor-proto/validate/validate.pb.go:263.2,263.12 1 0
route256/loms/vendor-proto/validate/validate.pb.go:266.45,267.50 1 0
route256/loms/vendor-proto/validate/validate.pb.go:267.50,269.3 1 0
route256/loms/vendor-proto/validate/validate.pb.go:270.2,270.12 1 0
route256/loms/vendor-proto/validate/validate.pb.go:273.43,274.49 1 0
route256/loms/vendor-proto/validate/validate.pb.go:274.49,276.3 1 0
route256/loms/vendor-proto/validate/validate.pb.go:277.2,277.12 1 0
route256/loms/vendor-proto/validate/validate.pb.go:280.51,281.53 1 0
route256/loms/vendor-proto/validate/validate.pb.go:281.53,283.3 1 0
route256/loms/vendor-proto/validate/validate.pb.go:284.2,284.12 1 0
route256/loms/vendor-proto/validate/validate.pb.go:287.41,288.48 1 0
route256/loms/vendor-proto/validate/validate.pb.go:288.48,290.3 1 0
route256/loms/vendor-proto/validate/validate.pb.go:291.2,291.12 1 0
route256/loms/vendor-proto/validate/validate.pb.go:294.41,295.48 1 0
route256/loms/vendor-proto/validate/validate.pb.go:295.48,297.3 1 0
route256/loms/vendor-proto/validate/validate.pb.go:298.2,298.12 1 0
route256/loms/vendor-proto/validate/validate.pb.go:301.51,302.53 1 0
route256/loms/vendor-proto/validate/validate.pb.go:302.53,304.3 1 0
route256/loms/vendor-proto/validate/validate.pb.go:305.2,305.12 1 0
route256/loms/vendor-proto/validate/validate.pb.go:308.53,309.54 1 0
route256/loms/vendor-proto/validate/validate.pb.go:309.54,311.3 1 0
route256/loms/vendor-proto/validate/validate.pb.go:312.2,312.12 1 0
route256/loms/vendor-proto/validate/validate.pb.go:406.47,406.48 0 0
route256/loms/vendor-proto/validate/validate.pb.go:408.48,408.49 0 0
route256/loms/vendor-proto/validate/validate.pb.go:410.47,410.48 0 0
route256/loms/vendor-proto/validate/validate.pb.go:412.47,412.48 0 0
route256/loms/vendor-proto/validate/validate.pb.go:414.48,414.49 0 0
route256/loms/vendor-proto/validate/validate.pb.go:416.48,416.49 0 0
route256/loms/vendor-proto/validate/validate.pb.go:418.48,418.49 0 0
route256/loms/vendor-proto/validate/validate.pb.go:420.48,420.49 0 0
route256/loms/vendor-proto/validate/validate.pb.go:422.49,422.50 0 0
route256/loms/vendor-proto/validate/validate.pb.go:424.49,424.50 0 0
route256/loms/vendor-proto/validate/validate.pb.go:426.50,426.51 0 0
route256/loms/vendor-proto/validate/validate.pb.go:428.50,428.51 0 0
route256/loms/vendor-proto/validate/validate.pb.go:430.46,430.47 0 0
route256/loms/vendor-proto/validate/validate.pb.go:432.49,432.50 0 0
route256/loms/vendor-proto/validate/validate.pb.go:434.47,434.48 0 0
route256/loms/vendor-proto/validate/validate.pb.go:436.46,436.47 0 0
route256/loms/vendor-proto/validate/validate.pb.go:438.50,438.51 0 0
route256/loms/vendor-proto/validate/validate.pb.go:440.45,440.46 0 0
route256/loms/vendor-proto/validate/validate.pb.go:442.45,442.46 0 0
route256/loms/vendor-proto/validate/validate.pb.go:444.50,444.51 0 0
route256/loms/vendor-proto/validate/validate.pb.go:446.51,446.52 0 0
route256/loms/vendor-proto/validate/validate.pb.go:481.30,483.29 2 0
route256/loms/vendor-proto/validate/validate.pb.go:483.29,487.3 3 0
route256/loms/vendor-proto/validate/validate.pb.go:490.38,492.2 1 0
route256/loms/vendor-proto/validate/validate.pb.go:494.36,494.37 0 0
route256/loms/vendor-proto/validate/validate.pb.go:496.58,498.41 2 0
route256/loms/vendor-proto/validate/validate.pb.go:498.41,500.34 2 0
route256/loms/vendor-proto/validate/validate.pb.go:500.34,502.4 1 0
route256/loms/vendor-proto/validate/validate.pb.go:503.3,503.12 1 0
route256/loms/vendor-proto/validate/validate.pb.go:505.2,505.24 1 0
route256/loms/vendor-proto/validate/validate.pb.go:509.49,511.2 1 0
route256/loms/vendor-proto/validate/validate.pb.go:513.41,514.32 1 0
route256/loms/vendor-proto/validate/validate.pb.go:514.32,516.3 1 0
route256/loms/vendor-proto/validate/validate.pb.go:517.2,517.10 1 0
route256/loms/vendor-proto/validate/validate.pb.go:520.38,521.29 1 0
route256/loms/vendor-proto/validate/validate.pb.go:521.29,523.3 1 0
route256/loms/vendor-proto/validate/validate.pb.go:524.2,524.10 1 0
route256/loms/vendor-proto/validate/validate.pb.go:527.39,528.30 1 0
route256/loms/vendor-proto/validate/validate.pb.go:528.30,530.3 1 0
route256/loms/vendor-proto/validate/validate.pb.go:531.2,531.10 1 0
route256/loms/vendor-proto/validate/validate.pb.go:534.38,535.29 1 0
route256/loms/vendor-proto/validate/validate.pb.go:535.29,537.3 1 0
route256/loms/vendor-proto/validate/validate.pb.go:538.2,538.10 1 0
route256/loms/vendor-proto/validate/validate.pb.go:541.39,542.30 1 0
route256/loms/vendor-proto/validate/validate.pb.go:542.30,544.3 1 0
route256/loms/vendor-proto/validate/validate.pb.go:545.2,545.10 1 0
route256/loms/vendor-proto/validate/validate.pb.go:548.40,549.14 1 0
route256/loms/vendor-proto/validate/validate.pb.go:549.14,551.3 1 0
route256/loms/vendor-proto/validate/validate.pb.go:552.2,552.12 1 0
route256/loms/vendor-proto/validate/validate.pb.go:555.43,556.14 1 0
route256/loms/vendor-proto/validate/validate.pb.go:556.14,558.3 1 0
route256/loms/vendor-proto/validate/validate.pb.go:559.2,559.12 1 0
route256/loms/vendor-proto/validate/validate.pb.go:562.44,563.38 1 0
route256/loms/vendor-proto/validate/validate.pb.go:563.38,565.3 1 0
route256/loms/vendor-proto/validate/validate.pb.go:566.2,566.14 1 0
route256/loms/vendor-proto/validate/validate.pb.go:602.31,604.29 2 0
route256/loms/vendor-proto/validate/validate.pb.go:604.29,608.3 3 0
route256/loms/vendor-proto/validate/validate.pb.go:611.39,613.2 1 0
route256/loms/vendor-proto/validate/validate.pb.go:615.37,615.38 0 0
route256/loms/vendor-proto/validate/validate.pb.go:617.59,619.41 2 0
route256/loms/vendor-proto/validate/validate.pb.go:619.41,621.34 2 0
route256/loms/vendor-proto/validate/validate.pb.go:621.34,623.4 1 0
route256/loms/vendor-proto/validate/validate.pb.go:624.3,624.12 1 0
route256/loms/vendor-proto/validate/validate.pb.go:626.2,626.24 1 0
route256/loms/vendor-proto/validate/validate.pb.go:630.50,632.2 1 0
route256/loms/vendor-proto/validate/validate.pb.go:634.42,635.32 1 0
route256/loms/vendor-proto/validate/validate.pb.go:635.32,637.3 1 0
route256/loms/vendor-proto/validate/validate.pb.go:638.2,638.10 1 0
route256/loms/vendor-proto/validate/validate.pb.go:641.39,642.29 1 0
route256/loms/vendor-proto/validate/validate.pb.go:642.29,644.3 1 0
route256/loms/vendor-proto/validate/validate.pb.go:645.2,645.10 1 0
route256/loms/vendor-proto/validate/validate.pb.go:648.40,649.30 1 0
route256/loms/vendor-proto/validate/validate.pb.go:649.30,651.3 1 0
route256/loms/vendor-proto/validate/validate.pb.go:652.2,652.10 1 0
route256/loms/vendor-proto/validate/validate.pb.go:655.39,656.29 1 0
route256/loms/vendor-proto/validate/validate.pb.go:656.29,658.3 1 0
route256/loms/vendor-proto/validate/validate.pb.go:659.2,659.10 1 0
route256/loms/vendor-proto/validate/validate.pb.go:662.40,663.30 1 0
route256/loms/vendor-proto/validate/validate.pb.go:663.30,665.3 1 0
route256/loms/vendor-proto/validate/validate.pb.go:666.2,666.10 1 0
route256/loms/vendor-proto/validate/validate.pb.go:669.41,670.14 1 0
route256/loms/vendor-proto/validate/validate.pb.go:670.14,672.3 1 0
route256/loms/vendor-proto/validate/validate.pb.go:673.2,673.12 1 0
route256/loms/vendor-proto/validate/validate.pb.go:676.44,677.14 1 0
route256/loms/vendor-proto/validate/validate.pb.go:677.14,679.3 1 0
route256/loms/vendor-proto/validate/validate.pb.go:680.2,680.12 1 0
route256/loms/vendor-proto/validate/validate.pb.go:683.45,684.38 1 0
route256/loms/vendor-proto/validate/validate.pb.go:684.38,686.3 1 0
route256/loms/vendor-proto/validate/validate.pb.go:687.2,687.14 1 0
route256/loms/vendor-proto/validate/validate.pb.go:723.30,725.29 2 0
route256/loms/vendor-proto/validate/validate.pb.go:725.29,729.3 3 0
route256/loms/vendor-proto/validate/validate.pb.go:732.38,734.2 1 0
route256/loms/vendor-proto/validate/validate.pb.go:736.36,736.37 0 0
route256/loms/vendor-proto/validate/validate.pb.go:738.58,740.41 2 0
route256/loms/vendor-proto/validate/validate.pb.go:740.41,742.34 2 0
route256/loms/vendor-proto/validate/validate.pb.go:742.34,744.4 1 0
route256/loms/vendor-proto/validate/validate.pb.go:745.3,745.12 1 0
route256/loms/vendor-proto/validate/validate.pb.go:747.2,747.24 1 0
route256/loms/vendor-proto/validate/validate.pb.go:751.49,753.2 1 0
route256/loms/vendor-proto/validate/validate.pb.go:755.39,756.32 1 0
route256/loms/vendor-proto/validate/validate.pb.go:756.32,758.3 1 0
route256/loms/vendor-proto/validate/validate.pb.go:759.2,759.10 1 0
route256/loms/vendor-proto/validate/validate.pb.go:762.36,763.29 1 0
route256/loms/vendor-proto/validate/validate.pb.go:763.29,765.3 1 0
route256/loms/vendor-proto/validate/validate.pb.go:766.2,766.10 1 0
route256/loms/vendor-proto/validate/validate.pb.go:769.37,770.30 1 0
route256/loms/vendor-proto/validate/validate.pb.go:770.30,772.3 1 0
route256/loms/vendor-proto/validate/validate.pb.go:773.2,773.10 1 0
route256/loms/vendor-proto/validate/validate.pb.go:776.36,777.29 1 0
route256/loms/vendor-proto/validate/validate.pb.go:777.29,779.3 1 0
route256/loms/vendor-proto/validate/validate.pb.go:780.2,780.10 1 0
route256/loms/vendor-proto/validate/validate.pb.go:783.37,784.30 1 0
route256/loms/vendor-proto/validate/validate.pb.go:784.30,786.3 1 0
route256/loms/vendor-proto/validate/validate.pb.go:787.2,787.10 1 0
route256/loms/vendor-proto/validate/validate.pb.go:790.38,791.14 1 0
route256/loms/vendor-proto/validate/validate.pb.go:791.14,793.3 1 0
route256/loms/vendor-proto/validate/validate.pb.go:794.2,794.12 1 0
route256/loms/vendor-proto/validate/validate.pb.go:797.41,798.14 1 0
route256/loms/vendor-proto/validate/validate.pb.go:798.14,800.3 1 0
route256/loms/vendor-proto/validate/validate.pb.go:801.2,801.12 1 0
route256/loms/vendor-proto/validate/validate.pb.go:804.44,805.38 1 0
route256/loms/vendor-proto/validate/validate.pb.go:805.38,807.3 1 0
route256/loms/vendor-proto/validate/validate.pb.go:808.2,808.14 1 0
route256/loms/vendor-proto/validate/validate.pb.go:844.30,846.29 2 0
route256/loms/vendor-proto/validate/validate.pb.go:846.29,850.3 3 0
route256/loms/vendor-proto/validate/validate.pb.go:853.38,855.2 1 0
route256/loms/vendor-proto/validate/validate.pb.go:857.36,857.37 0 0
route256/loms/vendor-proto/validate/validate.pb.go:859.58,861.41 2 0
route256/loms/vendor-proto/validate/validate.pb.go:861.41,863.34 2 0
route256/loms/vendor-proto/validate/validate.pb.go:863.34,865.4 1 0
route256/loms/vendor-proto/validate/validate.pb.go:866.3,866.12 1 0
route256/loms/vendor-proto/validate/validate.pb.go:868.2,868.24 1 0
route256/loms/vendor-proto/validate/validate.pb.go:872.49,874.2 1 0
route256/loms/vendor-proto/validate/validate.pb.go:876.39,877.32 1 0
route256/loms/vendor-proto/validate/validate.pb.go:877.32,879.3 1 0
route256/loms/vendor-proto/validate/validate.pb.go:880.2,880.10 1 0
route256/loms/vendor-proto/validate/validate.pb.go:883.36,884.29 1 0
route256/loms/vendor-proto/validate/validate.pb.go:884.29,886.3 1 0
route256/loms/vendor-proto/validate/validate.pb.go:887.2,887.10 1 0
route256/loms/vendor-proto/validate/validate.pb.go:890.37,891.30 1 0
route256/loms/vendor-proto/validate/validate.pb.go:891.30,893.3 1 0
route256/loms/vendor-proto/validate/validate.pb.go:894.2,894.10 1 0
route256/loms/vendor-proto/validate/validate.pb.go:897.36,898.29 1 0
route256/loms/vendor-proto/validate/validate.pb.go:898.29,900.3 1 0
route256/loms/vendor-proto/validate/validate.pb.go:901.2,901.10 1 0
route256/loms/vendor-proto/validate/validate.pb.go:904.37,905.30 1 0
route256/loms/vendor-proto/validate/validate.pb.go:905.30,907.3 1 0
route256/loms/vendor-proto/validate/validate.pb.go:908.2,908.10 1 0
route256/loms/vendor-proto/validate/validate.pb.go:911.38,912.14 1 0
[...]
route256/loms/pkg/api/loms/v1/loms.pb.validate.go:159.46,159.64 1 0
route256/loms/pkg/api/loms/v1/loms.pb.validate.go:162.47,162.66 1 0
route256/loms/pkg/api/loms/v1/loms.pb.validate.go:165.45,165.63 1 0
route256/loms/pkg/api/loms/v1/loms.pb.validate.go:168.42,168.58 1 0
route256/loms/pkg/api/loms/v1/loms.pb.validate.go:171.50,171.83 1 0
route256/loms/pkg/api/loms/v1/loms.pb.validate.go:174.46,176.20 2 0
route256/loms/pkg/api/loms/v1/loms.pb.validate.go:176.20,178.3 1 0
route256/loms/pkg/api/loms/v1/loms.pb.validate.go:180.2,181.11 2 0
route256/loms/pkg/api/loms/v1/loms.pb.validate.go:181.11,183.3 1 0
route256/loms/pkg/api/loms/v1/loms.pb.validate.go:185.2,190.9 1 0
route256/loms/pkg/api/loms/v1/loms.pb.validate.go:215.33,217.2 1 0
route256/loms/pkg/api/loms/v1/loms.pb.validate.go:222.36,224.2 1 0
route256/loms/pkg/api/loms/v1/loms.pb.validate.go:226.41,227.14 1 0
route256/loms/pkg/api/loms/v1/loms.pb.validate.go:227.14,229.3 1 0
route256/loms/pkg/api/loms/v1/loms.pb.validate.go:231.2,233.21 2 0
route256/loms/pkg/api/loms/v1/loms.pb.validate.go:233.21,238.11 2 0
route256/loms/pkg/api/loms/v1/loms.pb.validate.go:238.11,240.4 1 0
route256/loms/pkg/api/loms/v1/loms.pb.validate.go:241.3,241.31 1 0
route256/loms/pkg/api/loms/v1/loms.pb.validate.go:244.2,244.23 1 0
route256/loms/pkg/api/loms/v1/loms.pb.validate.go:244.23,249.11 2 0
route256/loms/pkg/api/loms/v1/loms.pb.validate.go:249.11,251.4 1 0
route256/loms/pkg/api/loms/v1/loms.pb.validate.go:252.3,252.31 1 0
route256/loms/pkg/api/loms/v1/loms.pb.validate.go:255.2,255.21 1 0
route256/loms/pkg/api/loms/v1/loms.pb.validate.go:255.21,257.3 1 0
route256/loms/pkg/api/loms/v1/loms.pb.validate.go:259.2,259.12 1 0
route256/loms/pkg/api/loms/v1/loms.pb.validate.go:267.40,269.24 2 0
route256/loms/pkg/api/loms/v1/loms.pb.validate.go:269.24,271.3 1 0
route256/loms/pkg/api/loms/v1/loms.pb.validate.go:272.2,272.33 1 0
route256/loms/pkg/api/loms/v1/loms.pb.validate.go:276.45,276.57 1 0
route256/loms/pkg/api/loms/v1/loms.pb.validate.go:288.45,288.63 1 0
route256/loms/pkg/api/loms/v1/loms.pb.validate.go:291.46,291.65 1 0
route256/loms/pkg/api/loms/v1/loms.pb.validate.go:294.44,294.62 1 0
route256/loms/pkg/api/loms/v1/loms.pb.validate.go:297.41,297.57 1 0
route256/loms/pkg/api/loms/v1/loms.pb.validate.go:300.49,300.81 1 0
route256/loms/pkg/api/loms/v1/loms.pb.validate.go:303.45,305.20 2 0
route256/loms/pkg/api/loms/v1/loms.pb.validate.go:305.20,307.3 1 0
route256/loms/pkg/api/loms/v1/loms.pb.validate.go:309.2,310.11 2 0
route256/loms/pkg/api/loms/v1/loms.pb.validate.go:310.11,312.3 1 0
route256/loms/pkg/api/loms/v1/loms.pb.validate.go:314.2,319.9 1 0
route256/loms/pkg/api/loms/v1/loms.pb.validate.go:335.45,337.2 1 0
route256/loms/pkg/api/loms/v1/loms.pb.validate.go:343.48,345.2 1 0
route256/loms/pkg/api/loms/v1/loms.pb.validate.go:347.53,348.14 1 0
route256/loms/pkg/api/loms/v1/loms.pb.validate.go:348.14,350.3 1 0
route256/loms/pkg/api/loms/v1/loms.pb.validate.go:352.2,354.25 2 0
route256/loms/pkg/api/loms/v1/loms.pb.validate.go:354.25,359.11 2 0
route256/loms/pkg/api/loms/v1/loms.pb.validate.go:359.11,361.4 1 0
route256/loms/pkg/api/loms/v1/loms.pb.validate.go:362.3,362.31 1 0
route256/loms/pkg/api/loms/v1/loms.pb.validate.go:365.2,365.21 1 0
route256/loms/pkg/api/loms/v1/loms.pb.validate.go:365.21,367.3 1 0
route256/loms/pkg/api/loms/v1/loms.pb.validate.go:369.2,369.12 1 0
route256/loms/pkg/api/loms/v1/loms.pb.validate.go:378.52,380.24 2 0
route256/loms/pkg/api/loms/v1/loms.pb.validate.go:380.24,382.3 1 0
route256/loms/pkg/api/loms/v1/loms.pb.validate.go:383.2,383.33 1 0
route256/loms/pkg/api/loms/v1/loms.pb.validate.go:387.57,387.69 1 0
route256/loms/pkg/api/loms/v1/loms.pb.validate.go:399.57,399.75 1 0
route256/loms/pkg/api/loms/v1/loms.pb.validate.go:402.58,402.77 1 0
route256/loms/pkg/api/loms/v1/loms.pb.validate.go:405.56,405.74 1 0
route256/loms/pkg/api/loms/v1/loms.pb.validate.go:408.53,408.69 1 0
route256/loms/pkg/api/loms/v1/loms.pb.validate.go:411.61,411.105 1 0
route256/loms/pkg/api/loms/v1/loms.pb.validate.go:414.57,416.20 2 0
route256/loms/pkg/api/loms/v1/loms.pb.validate.go:416.20,418.3 1 0
route256/loms/pkg/api/loms/v1/loms.pb.validate.go:420.2,421.11 2 0
route256/loms/pkg/api/loms/v1/loms.pb.validate.go:421.11,423.3 1 0
route256/loms/pkg/api/loms/v1/loms.pb.validate.go:425.2,430.9 1 0
route256/loms/pkg/api/loms/v1/loms.pb.validate.go:446.46,448.2 1 0
route256/loms/pkg/api/loms/v1/loms.pb.validate.go:454.49,456.2 1 0
route256/loms/pkg/api/loms/v1/loms.pb.validate.go:458.54,459.14 1 0
route256/loms/pkg/api/loms/v1/loms.pb.validate.go:459.14,461.3 1 0
route256/loms/pkg/api/loms/v1/loms.pb.validate.go:463.2,465.9 2 0
route256/loms/pkg/api/loms/v1/loms.pb.validate.go:465.9,466.48 1 0
route256/loms/pkg/api/loms/v1/loms.pb.validate.go:467.41,468.42 1 0
route256/loms/pkg/api/loms/v1/loms.pb.validate.go:468.42,474.5 1 0
route256/loms/pkg/api/loms/v1/loms.pb.validate.go:475.38,476.39 1 0
route256/loms/pkg/api/loms/v1/loms.pb.validate.go:476.39,482.5 1 0
route256/loms/pkg/api/loms/v1/loms.pb.validate.go:484.8,484.83 1 0
route256/loms/pkg/api/loms/v1/loms.pb.validate.go:484.83,485.38 1 0
route256/loms/pkg/api/loms/v1/loms.pb.validate.go:485.38,491.4 1 0
route256/loms/pkg/api/loms/v1/loms.pb.validate.go:494.2,494.21 1 0
route256/loms/pkg/api/loms/v1/loms.pb.validate.go:494.21,496.3 1 0
route256/loms/pkg/api/loms/v1/loms.pb.validate.go:498.2,498.12 1 0
route256/loms/pkg/api/loms/v1/loms.pb.validate.go:507.53,509.24 2 0
route256/loms/pkg/api/loms/v1/loms.pb.validate.go:509.24,511.3 1 0
route256/loms/pkg/api/loms/v1/loms.pb.validate.go:512.2,512.33 1 0
route256/loms/pkg/api/loms/v1/loms.pb.validate.go:516.58,516.70 1 0
route256/loms/pkg/api/loms/v1/loms.pb.validate.go:528.58,528.76 1 0
route256/loms/pkg/api/loms/v1/loms.pb.validate.go:531.59,531.78 1 0
route256/loms/pkg/api/loms/v1/loms.pb.validate.go:534.57,534.75 1 0
route256/loms/pkg/api/loms/v1/loms.pb.validate.go:537.54,537.70 1 0
route256/loms/pkg/api/loms/v1/loms.pb.validate.go:540.62,542.2 1 0
route256/loms/pkg/api/loms/v1/loms.pb.validate.go:545.58,547.20 2 0
route256/loms/pkg/api/loms/v1/loms.pb.validate.go:547.20,549.3 1 0
route256/loms/pkg/api/loms/v1/loms.pb.validate.go:551.2,552.11 2 0
route256/loms/pkg/api/loms/v1/loms.pb.validate.go:552.11,554.3 1 0
route256/loms/pkg/api/loms/v1/loms.pb.validate.go:556.2,561.9 1 0
route256/loms/pkg/api/loms/v1/loms.pb.validate.go:577.47,579.2 1 0
route256/loms/pkg/api/loms/v1/loms.pb.validate.go:585.50,587.2 1 0
route256/loms/pkg/api/loms/v1/loms.pb.validate.go:589.55,590.14 1 0
route256/loms/pkg/api/loms/v1/loms.pb.validate.go:590.14,592.3 1 0
route256/loms/pkg/api/loms/v1/loms.pb.validate.go:594.2,596.9 2 0
route256/loms/pkg/api/loms/v1/loms.pb.validate.go:596.9,597.48 1 0
route256/loms/pkg/api/loms/v1/loms.pb.validate.go:598.41,599.42 1 0
route256/loms/pkg/api/loms/v1/loms.pb.validate.go:599.42,605.5 1 0
route256/loms/pkg/api/loms/v1/loms.pb.validate.go:606.38,607.39 1 0
route256/loms/pkg/api/loms/v1/loms.pb.validate.go:607.39,613.5 1 0
route256/loms/pkg/api/loms/v1/loms.pb.validate.go:615.8,615.83 1 0
route256/loms/pkg/api/loms/v1/loms.pb.validate.go:615.83,616.38 1 0
route256/loms/pkg/api/loms/v1/loms.pb.validate.go:616.38,622.4 1 0
route256/loms/pkg/api/loms/v1/loms.pb.validate.go:625.2,625.21 1 0
route256/loms/pkg/api/loms/v1/loms.pb.validate.go:625.21,627.3 1 0
route256/loms/pkg/api/loms/v1/loms.pb.validate.go:629.2,629.12 1 0
route256/loms/pkg/api/loms/v1/loms.pb.validate.go:638.54,640.24 2 0
route256/loms/pkg/api/loms/v1/loms.pb.validate.go:640.24,642.3 1 0
route256/loms/pkg/api/loms/v1/loms.pb.validate.go:643.2,643.33 1 0
route256/loms/pkg/api/loms/v1/loms.pb.validate.go:647.59,647.71 1 0
route256/loms/pkg/api/loms/v1/loms.pb.validate.go:659.59,659.77 1 0
route256/loms/pkg/api/loms/v1/loms.pb.validate.go:662.60,662.79 1 0
route256/loms/pkg/api/loms/v1/loms.pb.validate.go:665.58,665.76 1 0
route256/loms/pkg/api/loms/v1/loms.pb.validate.go:668.55,668.71 1 0
route256/loms/pkg/api/loms/v1/loms.pb.validate.go:671.63,673.2 1 0
route256/loms/pkg/api/loms/v1/loms.pb.validate.go:676.59,678.20 2 0
route256/loms/pkg/api/loms/v1/loms.pb.validate.go:678.20,680.3 1 0
route256/loms/pkg/api/loms/v1/loms.pb.validate.go:682.2,683.11 2 0
route256/loms/pkg/api/loms/v1/loms.pb.validate.go:683.11,685.3 1 0
route256/loms/pkg/api/loms/v1/loms.pb.validate.go:687.2,692.9 1 0
route256/loms/pkg/api/loms/v1/loms.pb.validate.go:708.48,710.2 1 0
route256/loms/pkg/api/loms/v1/loms.pb.validate.go:716.51,718.2 1 0
route256/loms/pkg/api/loms/v1/loms.pb.validate.go:720.56,721.14 1 0
route256/loms/pkg/api/loms/v1/loms.pb.validate.go:721.14,723.3 1 0
route256/loms/pkg/api/loms/v1/loms.pb.validate.go:725.2,729.21 2 0
route256/loms/pkg/api/loms/v1/loms.pb.validate.go:729.21,731.3 1 0
route256/loms/pkg/api/loms/v1/loms.pb.validate.go:733.2,733.12 1 0
route256/loms/pkg/api/loms/v1/loms.pb.validate.go:742.55,744.24 2 0
route256/loms/pkg/api/loms/v1/loms.pb.validate.go:744.24,746.3 1 0
route256/loms/pkg/api/loms/v1/loms.pb.validate.go:747.2,747.33 1 0
route256/loms/pkg/api/loms/v1/loms.pb.validate.go:751.60,751.72 1 0
route256/loms/pkg/api/loms/v1/loms.pb.validate.go:763.60,763.78 1 0
route256/loms/pkg/api/loms/v1/loms.pb.validate.go:766.61,766.80 1 0
route256/loms/pkg/api/loms/v1/loms.pb.validate.go:769.59,769.77 1 0
route256/loms/pkg/api/loms/v1/loms.pb.validate.go:772.56,772.72 1 0
route256/loms/pkg/api/loms/v1/loms.pb.validate.go:775.64,777.2 1 0
route256/loms/pkg/api/loms/v1/loms.pb.validate.go:780.60,782.20 2 0
route256/loms/pkg/api/loms/v1/loms.pb.validate.go:782.20,784.3 1 0
route256/loms/pkg/api/loms/v1/loms.pb.validate.go:786.2,787.11 2 0
route256/loms/pkg/api/loms/v1/loms.pb.validate.go:787.11,789.3 1 0
route256/loms/pkg/api/loms/v1/loms.pb.validate.go:791.2,796.9 1 0
route256/loms/pkg/api/loms/v1/loms.pb.validate.go:812.44,814.2 1 0
route256/loms/pkg/api/loms/v1/loms.pb.validate.go:820.47,822.2 1 0
route256/loms/pkg/api/loms/v1/loms.pb.validate.go:824.52,825.14 1 0
route256/loms/pkg/api/loms/v1/loms.pb.validate.go:825.14,827.3 1 0
route256/loms/pkg/api/loms/v1/loms.pb.validate.go:829.2,833.21 2 0
route256/loms/pkg/api/loms/v1/loms.pb.validate.go:833.21,835.3 1 0
route256/loms/pkg/api/loms/v1/loms.pb.validate.go:837.2,837.12 1 0
route256/loms/pkg/api/loms/v1/loms.pb.validate.go:846.51,848.24 2 0
route256/loms/pkg/api/loms/v1/loms.pb.validate.go:848.24,850.3 1 0
route256/loms/pkg/api/loms/v1/loms.pb.validate.go:851.2,851.33 1 0
route256/loms/pkg/api/loms/v1/loms.pb.validate.go:855.56,855.68 1 0
route256/loms/pkg/api/loms/v1/loms.pb.validate.go:867.56,867.74 1 0
route256/loms/pkg/api/loms/v1/loms.pb.validate.go:870.57,870.76 1 0
route256/loms/pkg/api/loms/v1/loms.pb.validate.go:873.55,873.73 1 0
route256/loms/pkg/api/loms/v1/loms.pb.validate.go:876.52,876.68 1 0
route256/loms/pkg/api/loms/v1/loms.pb.validate.go:879.60,879.103 1 0
route256/loms/pkg/api/loms/v1/loms.pb.validate.go:882.56,884.20 2 0
route256/loms/pkg/api/loms/v1/loms.pb.validate.go:884.20,886.3 1 0
route256/loms/pkg/api/loms/v1/loms.pb.validate.go:888.2,889.11 2 0
route256/loms/pkg/api/loms/v1/loms.pb.validate.go:889.11,891.3 1 0
route256/loms/pkg/api/loms/v1/loms.pb.validate.go:893.2,898.9 1 0
route256/loms/pkg/api/loms/v1/loms.pb.validate.go:914.47,916.2 1 0
route256/loms/pkg/api/loms/v1/loms.pb.validate.go:922.50,924.2 1 0
route256/loms/pkg/api/loms/v1/loms.pb.validate.go:926.55,927.14 1 0
route256/loms/pkg/api/loms/v1/loms.pb.validate.go:927.14,929.3 1 0
route256/loms/pkg/api/loms/v1/loms.pb.validate.go:931.2,933.25 2 0
route256/loms/pkg/api/loms/v1/loms.pb.validate.go:933.25,938.11 2 0
route256/loms/pkg/api/loms/v1/loms.pb.validate.go:938.11,940.4 1 0
route256/loms/pkg/api/loms/v1/loms.pb.validate.go:941.3,941.31 1 0
route256/loms/pkg/api/loms/v1/loms.pb.validate.go:944.2,944.21 1 0
route256/loms/pkg/api/loms/v1/loms.pb.validate.go:944.21,946.3 1 0
route256/loms/pkg/api/loms/v1/loms.pb.validate.go:948.2,948.12 1 0
route256/loms/pkg/api/loms/v1/loms.pb.validate.go:957.54,959.24 2 0
route256/loms/pkg/api/loms/v1/loms.pb.validate.go:959.24,961.3 1 0
route256/loms/pkg/api/loms/v1/loms.pb.validate.go:962.2,962.33 1 0
route256/loms/pkg/api/loms/v1/loms.pb.validate.go:966.59,966.71 1 0
route256/loms/pkg/api/loms/v1/loms.pb.validate.go:978.59,978.77 1 0
route256/loms/pkg/api/loms/v1/loms.pb.validate.go:981.60,981.79 1 0
route256/loms/pkg/api/loms/v1/loms.pb.validate.go:984.58,984.76 1 0
route256/loms/pkg/api/loms/v1/loms.pb.validate.go:987.55,987.71 1 0
route256/loms/pkg/api/loms/v1/loms.pb.validate.go:990.63,992.2 1 0
route256/loms/pkg/api/loms/v1/loms.pb.validate.go:995.59,997.20 2 0
route256/loms/pkg/api/loms/v1/loms.pb.validate.go:997.20,999.3 1 0
route256/loms/pkg/api/loms/v1/loms.pb.validate.go:1001.2,1002.11 2 0
route256/loms/pkg/api/loms/v1/loms.pb.validate.go:1002.11,1004.3 1 0
route256/loms/pkg/api/loms/v1/loms.pb.validate.go:1006.2,1011.9 1 0
route256/loms/pkg/api/loms/v1/loms.pb.validate.go:1027.46,1029.2 1 0
route256/loms/pkg/api/loms/v1/loms.pb.validate.go:1035.49,1037.2 1 0
route256/loms/pkg/api/loms/v1/loms.pb.validate.go:1039.54,1040.14 1 0
route256/loms/pkg/api/loms/v1/loms.pb.validate.go:1040.14,1042.3 1 0
route256/loms/pkg/api/loms/v1/loms.pb.validate.go:1044.2,1046.21 2 0
route256/loms/pkg/api/loms/v1/loms.pb.validate.go:1046.21,1051.11 2 0
route256/loms/pkg/api/loms/v1/loms.pb.validate.go:1051.11,1053.4 1 0
route256/loms/pkg/api/loms/v1/loms.pb.validate.go:1054.3,1054.31 1 0
route256/loms/pkg/api/loms/v1/loms.pb.validate.go:1057.2,1057.21 1 0
route256/loms/pkg/api/loms/v1/loms.pb.validate.go:1057.21,1059.3 1 0
route256/loms/pkg/api/loms/v1/loms.pb.validate.go:1061.2,1061.12 1 0
route256/loms/pkg/api/loms/v1/loms.pb.validate.go:1070.53,1072.24 2 0
route256/loms/pkg/api/loms/v1/loms.pb.validate.go:1072.24,1074.3 1 0
route256/loms/pkg/api/loms/v1/loms.pb.validate.go:1075.2,1075.33 1 0
route256/loms/pkg/api/loms/v1/loms.pb.validate.go:1079.58,1079.70 1 0
route256/loms/pkg/api/loms/v1/loms.pb.validate.go:1091.58,1091.76 1 0
route256/loms/pkg/api/loms/v1/loms.pb.validate.go:1094.59,1094.78 1 0
route256/loms/pkg/api/loms/v1/loms.pb.validate.go:1097.57,1097.75 1 0
route256/loms/pkg/api/loms/v1/loms.pb.validate.go:1100.54,1100.70 1 0
route256/loms/pkg/api/loms/v1/loms.pb.validate.go:1103.62,1105.2 1 0
route256/loms/pkg/api/loms/v1/loms.pb.validate.go:1108.58,1110.20 2 0
route256/loms/pkg/api/loms/v1/loms.pb.validate.go:1110.20,1112.3 1 0
route256/loms/pkg/api/loms/v1/loms.pb.validate.go:1114.2,1115.11 2 0
route256/loms/pkg/api/loms/v1/loms.pb.validate.go:1115.11,1117.3 1 0
route256/loms/pkg/api/loms/v1/loms.pb.validate.go:1119.2,1124.9 1 0
route256/loms/pkg/api/loms/v1/loms.pb.validate.go:1140.47,1142.2 1 0
route256/loms/pkg/api/loms/v1/loms.pb.validate.go:1148.50,1150.2 1 0
route256/loms/pkg/api/loms/v1/loms.pb.validate.go:1152.55,1153.14 1 0
route256/loms/pkg/api/loms/v1/loms.pb.validate.go:1153.14,1155.3 1 0
route256/loms/pkg/api/loms/v1/loms.pb.validate.go:1157.2,1159.23 2 0
route256/loms/pkg/api/loms/v1/loms.pb.validate.go:1159.23,1164.11 2 0
route256/loms/pkg/api/loms/v1/loms.pb.validate.go:1164.11,1166.4 1 0
route256/loms/pkg/api/loms/v1/loms.pb.validate.go:1167.3,1167.31 1 0
route256/loms/pkg/api/loms/v1/loms.pb.validate.go:1170.2,1170.21 1 0
route256/loms/pkg/api/loms/v1/loms.pb.validate.go:1170.21,1172.3 1 0
route256/loms/pkg/api/loms/v1/loms.pb.validate.go:1174.2,1174.12 1 0
route256/loms/pkg/api/loms/v1/loms.pb.validate.go:1183.54,1185.24 2 0
route256/loms/pkg/api/loms/v1/loms.pb.validate.go:1185.24,1187.3 1 0
route256/loms/pkg/api/loms/v1/loms.pb.validate.go:1188.2,1188.33 1 0
route256/loms/pkg/api/loms/v1/loms.pb.validate.go:1192.59,1192.71 1 0
route256/loms/pkg/api/loms/v1/loms.pb.validate.go:1204.59,1204.77 1 0
route256/loms/pkg/api/loms/v1/loms.pb.validate.go:1207.60,1207.79 1 0
route256/loms/pkg/api/loms/v1/loms.pb.validate.go:1210.58,1210.76 1 0
route256/loms/pkg/api/loms/v1/loms.pb.validate.go:1213.55,1213.71 1 0
route256/loms/pkg/api/loms/v1/loms.pb.validate.go:1216.63,1218.2 1 0
route256/loms/pkg/api/loms/v1/loms.pb.validate.go:1221.59,1223.20 2 0
route256/loms/pkg/api/loms/v1/loms.pb.validate.go:1223.20,1225.3 1 0
route256/loms/pkg/api/loms/v1/loms.pb.validate.go:1227.2,1228.11 2 0
route256/loms/pkg/api/loms/v1/loms.pb.validate.go:1228.11,1230.3 1 0
route256/loms/pkg/api/loms/v1/loms.pb.validate.go:1232.2,1237.9 1 0
route256/loms/pkg/api/loms/v1/loms_grpc.pb.go:42.60,44.2 1 1
route256/loms/pkg/api/loms/v1/loms_grpc.pb.go:46.134,49.16 3 0
route256/loms/pkg/api/loms/v1/loms_grpc.pb.go:49.16,51.3 1 0
route256/loms/pkg/api/loms/v1/loms_grpc.pb.go:52.2,52.17 1 0
route256/loms/pkg/api/loms/v1/loms_grpc.pb.go:55.122,58.16 3 0
route256/loms/pkg/api/loms/v1/loms_grpc.pb.go:58.16,60.3 1 0
route256/loms/pkg/api/loms/v1/loms_grpc.pb.go:61.2,61.17 1 0
route256/loms/pkg/api/loms/v1/loms_grpc.pb.go:64.128,67.16 3 0
route256/loms/pkg/api/loms/v1/loms_grpc.pb.go:67.16,69.3 1 0
route256/loms/pkg/api/loms/v1/loms_grpc.pb.go:70.2,70.17 1 0
route256/loms/pkg/api/loms/v1/loms_grpc.pb.go:73.128,76.16 3 0
route256/loms/pkg/api/loms/v1/loms_grpc.pb.go:76.16,78.3 1 0
route256/loms/pkg/api/loms/v1/loms_grpc.pb.go:79.2,79.17 1 0
route256/loms/pkg/api/loms/v1/loms_grpc.pb.go:82.131,85.16 3 0
route256/loms/pkg/api/loms/v1/loms_grpc.pb.go:85.16,87.3 1 0
route256/loms/pkg/api/loms/v1/loms_grpc.pb.go:88.2,88.17 1 0
route256/loms/pkg/api/loms/v1/loms_grpc.pb.go:112.112,114.2 1 0
route256/loms/pkg/api/loms/v1/loms_grpc.pb.go:115.100,117.2 1 0
route256/loms/pkg/api/loms/v1/loms_grpc.pb.go:118.106,120.2 1 0
route256/loms/pkg/api/loms/v1/loms_grpc.pb.go:121.106,123.2 1 0
route256/loms/pkg/api/loms/v1/loms_grpc.pb.go:124.109,126.2 1 0
route256/loms/pkg/api/loms/v1/loms_grpc.pb.go:127.68,127.69 0 0
route256/loms/pkg/api/loms/v1/loms_grpc.pb.go:136.66,138.2 1 1
route256/loms/pkg/api/loms/v1/loms_grpc.pb.go:140.161,142.32 2 0
route256/loms/pkg/api/loms/v1/loms_grpc.pb.go:142.32,144.3 1 0
route256/loms/pkg/api/loms/v1/loms_grpc.pb.go:145.2,145.24 1 0
route256/loms/pkg/api/loms/v1/loms_grpc.pb.go:145.24,147.3 1 0
route256/loms/pkg/api/loms/v1/loms_grpc.pb.go:148.2,152.77 2 0
route256/loms/pkg/api/loms/v1/loms_grpc.pb.go:152.77,154.3 1 0
route256/loms/pkg/api/loms/v1/loms_grpc.pb.go:155.2,155.44 1 0
route256/loms/pkg/api/loms/v1/loms_grpc.pb.go:158.158,160.32 2 0
route256/loms/pkg/api/loms/v1/loms_grpc.pb.go:160.32,162.3 1 0
route256/loms/pkg/api/loms/v1/loms_grpc.pb.go:163.2,163.24 1 0
route256/loms/pkg/api/loms/v1/loms_grpc.pb.go:163.24,165.3 1 0
route256/loms/pkg/api/loms/v1/loms_grpc.pb.go:166.2,170.77 2 0
route256/loms/pkg/api/loms/v1/loms_grpc.pb.go:170.77,172.3 1 0
route256/loms/pkg/api/loms/v1/loms_grpc.pb.go:173.2,173.44 1 0
route256/loms/pkg/api/loms/v1/loms_grpc.pb.go:176.161,178.32 2 0
route256/loms/pkg/api/loms/v1/loms_grpc.pb.go:178.32,180.3 1 0
route256/loms/pkg/api/loms/v1/loms_grpc.pb.go:181.2,181.24 1 0
route256/loms/pkg/api/loms/v1/loms_grpc.pb.go:181.24,183.3 1 0
route256/loms/pkg/api/loms/v1/loms_grpc.pb.go:184.2,188.77 2 0
route256/loms/pkg/api/loms/v1/loms_grpc.pb.go:188.77,190.3 1 0
route256/loms/pkg/api/loms/v1/loms_grpc.pb.go:191.2,191.44 1 0
route256/loms/pkg/api/loms/v1/loms_grpc.pb.go:194.159,196.32 2 0
route256/loms/pkg/api/loms/v1/loms_grpc.pb.go:196.32,198.3 1 0
route256/loms/pkg/api/loms/v1/loms_grpc.pb.go:199.2,199.24 1 0
route256/loms/pkg/api/loms/v1/loms_grpc.pb.go:199.24,201.3 1 0
route256/loms/pkg/api/loms/v1/loms_grpc.pb.go:202.2,206.77 2 0
route256/loms/pkg/api/loms/v1/loms_grpc.pb.go:206.77,208.3 1 0
route256/loms/pkg/api/loms/v1/loms_grpc.pb.go:209.2,209.44 1 0
route256/loms/pkg/api/loms/v1/loms_grpc.pb.go:212.160,214.32 2 0
route256/loms/pkg/api/loms/v1/loms_grpc.pb.go:214.32,216.3 1 0
route256/loms/pkg/api/loms/v1/loms_grpc.pb.go:217.2,217.24 1 0
route256/loms/pkg/api/loms/v1/loms_grpc.pb.go:217.24,219.3 1 0
route256/loms/pkg/api/loms/v1/loms_grpc.pb.go:220.2,224.77 2 0
route256/loms/pkg/api/loms/v1/loms_grpc.pb.go:224.77,226.3 1 0
route256/loms/pkg/api/loms/v1/loms_grpc.pb.go:227.2,227.44 1 0
